<?xml version="1.0" encoding="UTF-8"?>
<robot generator="Robot 7.2.2 (Python 3.12.0 on win32)" generated="2025-04-09T08:51:44.246069" rpa="false" schemaversion="5">
<suite id="s1" name="TestSuite" source="c:\Python312\Robot_Framework\OHRM_project\Testing\TestSuite.robot">
<test id="s1-t1" name="Login And Scrape Users" line="30">
<kw name="Open Browser" owner="SeleniumLibrary">
<msg time="2025-04-09T08:51:44.616077" level="INFO">Opening browser 'chrome' to base url 'https://opensource-demo.orangehrmlive.com/web/index.php/auth/login'.</msg>
<arg>${URL}</arg>
<arg>chrome</arg>
<doc>Opens a new browser instance to the optional ``url``.</doc>
<status status="PASS" start="2025-04-09T08:51:44.616077" elapsed="5.002646"/>
</kw>
<kw name="Set Selenium Speed" owner="SeleniumLibrary">
<arg>0.5</arg>
<doc>Sets the delay that is waited after each Selenium command.</doc>
<status status="PASS" start="2025-04-09T08:51:49.618723" elapsed="0.000996"/>
</kw>
<kw name="Wait Until Element Is Visible" owner="SeleniumLibrary">
<arg>name=username</arg>
<arg>timeout=5</arg>
<doc>Waits until the element ``locator`` is visible.</doc>
<status status="PASS" start="2025-04-09T08:51:49.620721" elapsed="1.737308"/>
</kw>
<kw name="Input Text" owner="SeleniumLibrary">
<msg time="2025-04-09T08:51:51.359025" level="INFO">Typing text 'Admin' into text field 'name=username'.</msg>
<arg>name=username</arg>
<arg>${USERNAME}</arg>
<doc>Types the given ``text`` into the text field identified by ``locator``.</doc>
<status status="PASS" start="2025-04-09T08:51:51.358029" elapsed="1.612795"/>
</kw>
<kw name="Input Text" owner="SeleniumLibrary">
<msg time="2025-04-09T08:51:52.971778" level="INFO">Typing text 'admin123' into text field 'name=password'.</msg>
<arg>name=password</arg>
<arg>${PASSWORD}</arg>
<doc>Types the given ``text`` into the text field identified by ``locator``.</doc>
<status status="PASS" start="2025-04-09T08:51:52.970824" elapsed="1.590619"/>
</kw>
<kw name="Click Button" owner="SeleniumLibrary">
<msg time="2025-04-09T08:51:54.562442" level="INFO">Clicking button 'xpath=//button[@type='submit']'.</msg>
<arg>xpath=//button[@type='submit']</arg>
<doc>Clicks the button identified by ``locator``.</doc>
<status status="PASS" start="2025-04-09T08:51:54.561443" elapsed="2.600288"/>
</kw>
<kw name="Wait Until Page Contains Element" owner="SeleniumLibrary">
<arg>xpath=//span[text()='Admin']</arg>
<doc>Waits until the element ``locator`` appears on the current page.</doc>
<status status="PASS" start="2025-04-09T08:51:57.162730" elapsed="1.888982"/>
</kw>
<kw name="Click Element" owner="SeleniumLibrary">
<msg time="2025-04-09T08:51:59.052712" level="INFO">Clicking element 'xpath=//span[text()='Admin']'.</msg>
<arg>xpath=//span[text()='Admin']</arg>
<doc>Click the element identified by ``locator``.</doc>
<status status="PASS" start="2025-04-09T08:51:59.051712" elapsed="1.905173"/>
</kw>
<kw name="Wait Until Page Contains Element" owner="SeleniumLibrary">
<arg>xpath=//h5[text()='System Users']</arg>
<doc>Waits until the element ``locator`` appears on the current page.</doc>
<status status="PASS" start="2025-04-09T08:52:00.961883" elapsed="0.532919"/>
</kw>
<kw name="Get WebElements" owner="SeleniumLibrary">
<msg time="2025-04-09T08:52:02.024007" level="INFO">${rows} = [&lt;selenium.webdriver.remote.webelement.WebElement (session="aa09ddd6b4bfacad902648448d729655", element="f.797E3B0F880319FEE2E749B5EF48CF50.d.16D4CD5FE9F70BBC3D54D5E7DF259CD4.e.1190")&gt;, &lt;selenium.webdr...</msg>
<var>${rows}</var>
<arg>xpath=//div[@class='oxd-table-body']//div[@role='row']</arg>
<doc>Returns a list of WebElement objects matching the ``locator``.</doc>
<status status="PASS" start="2025-04-09T08:52:01.496797" elapsed="0.527210"/>
</kw>
<kw name="Create List" owner="BuiltIn">
<msg time="2025-04-09T08:52:02.026970" level="INFO">${user_data} = []</msg>
<var>${user_data}</var>
<doc>Returns a list containing given items.</doc>
<status status="PASS" start="2025-04-09T08:52:02.025974" elapsed="0.000996"/>
</kw>
<for flavor="IN">
<iter>
<kw name="Get WebElements" owner="SeleniumLibrary">
<msg time="2025-04-09T08:52:02.554305" level="INFO">${cells} = [&lt;selenium.webdriver.remote.webelement.WebElement (session="aa09ddd6b4bfacad902648448d729655", element="f.797E3B0F880319FEE2E749B5EF48CF50.d.16D4CD5FE9F70BBC3D54D5E7DF259CD4.e.1175")&gt;, &lt;selenium.webdr...</msg>
<var>${cells}</var>
<arg>xpath=.//div[@role='cell']</arg>
<doc>Returns a list of WebElement objects matching the ``locator``.</doc>
<status status="PASS" start="2025-04-09T08:52:02.030960" elapsed="0.523345"/>
</kw>
<kw name="Create List" owner="BuiltIn">
<msg time="2025-04-09T08:52:02.554305" level="INFO">${cell_texts} = []</msg>
<var>${cell_texts}</var>
<doc>Returns a list containing given items.</doc>
<status status="PASS" start="2025-04-09T08:52:02.554305" elapsed="0.000998"/>
</kw>
<for flavor="IN">
<iter>
<kw name="Get Text" owner="SeleniumLibrary">
<msg time="2025-04-09T08:52:03.074451" level="INFO">${text} = </msg>
<var>${text}</var>
<arg>${cell}</arg>
<doc>Returns the text value of the element identified by ``locator``.</doc>
<status status="PASS" start="2025-04-09T08:52:02.555303" elapsed="0.519148"/>
</kw>
<kw name="Append To List" owner="Collections">
<arg>${cell_texts}</arg>
<arg>${text}</arg>
<doc>Adds ``values`` to the end of ``list``.</doc>
<status status="PASS" start="2025-04-09T08:52:03.074451" elapsed="0.000000"/>
</kw>
<var name="${cell}">&lt;selenium.webdriver.remote.webelement.WebElement (session="aa09ddd6b4bfacad902648448d729655", element="f.797E3B0F880319FEE2E749B5EF48CF50.d.16D4CD5FE9F70BBC3D54D5E7DF259CD4.e.1175")&gt;</var>
<status status="PASS" start="2025-04-09T08:52:02.555303" elapsed="0.520145"/>
</iter>
<iter>
<kw name="Get Text" owner="SeleniumLibrary">
<msg time="2025-04-09T08:52:03.591073" level="INFO">${text} = 234567</msg>
<var>${text}</var>
<arg>${cell}</arg>
<doc>Returns the text value of the element identified by ``locator``.</doc>
<status status="PASS" start="2025-04-09T08:52:03.075448" elapsed="0.515625"/>
</kw>
<kw name="Append To List" owner="Collections">
<arg>${cell_texts}</arg>
<arg>${text}</arg>
<doc>Adds ``values`` to the end of ``list``.</doc>
<status status="PASS" start="2025-04-09T08:52:03.592070" elapsed="0.000000"/>
</kw>
<var name="${cell}">&lt;selenium.webdriver.remote.webelement.WebElement (session="aa09ddd6b4bfacad902648448d729655", element="f.797E3B0F880319FEE2E749B5EF48CF50.d.16D4CD5FE9F70BBC3D54D5E7DF259CD4.e.1177")&gt;</var>
<status status="PASS" start="2025-04-09T08:52:03.075448" elapsed="0.516622"/>
</iter>
<iter>
<kw name="Get Text" owner="SeleniumLibrary">
<msg time="2025-04-09T08:52:04.111682" level="INFO">${text} = Admin</msg>
<var>${text}</var>
<arg>${cell}</arg>
<doc>Returns the text value of the element identified by ``locator``.</doc>
<status status="PASS" start="2025-04-09T08:52:03.594065" elapsed="0.517617"/>
</kw>
<kw name="Append To List" owner="Collections">
<arg>${cell_texts}</arg>
<arg>${text}</arg>
<doc>Adds ``values`` to the end of ``list``.</doc>
<status status="PASS" start="2025-04-09T08:52:04.112707" elapsed="0.000999"/>
</kw>
<var name="${cell}">&lt;selenium.webdriver.remote.webelement.WebElement (session="aa09ddd6b4bfacad902648448d729655", element="f.797E3B0F880319FEE2E749B5EF48CF50.d.16D4CD5FE9F70BBC3D54D5E7DF259CD4.e.1179")&gt;</var>
<status status="PASS" start="2025-04-09T08:52:03.593066" elapsed="0.520640"/>
</iter>
<iter>
<kw name="Get Text" owner="SeleniumLibrary">
<msg time="2025-04-09T08:52:04.633564" level="INFO">${text} = Jobin Sam</msg>
<var>${text}</var>
<arg>${cell}</arg>
<doc>Returns the text value of the element identified by ``locator``.</doc>
<status status="PASS" start="2025-04-09T08:52:04.114707" elapsed="0.518857"/>
</kw>
<kw name="Append To List" owner="Collections">
<arg>${cell_texts}</arg>
<arg>${text}</arg>
<doc>Adds ``values`` to the end of ``list``.</doc>
<status status="PASS" start="2025-04-09T08:52:04.634560" elapsed="0.000997"/>
</kw>
<var name="${cell}">&lt;selenium.webdriver.remote.webelement.WebElement (session="aa09ddd6b4bfacad902648448d729655", element="f.797E3B0F880319FEE2E749B5EF48CF50.d.16D4CD5FE9F70BBC3D54D5E7DF259CD4.e.1181")&gt;</var>
<status status="PASS" start="2025-04-09T08:52:04.113706" elapsed="0.521851"/>
</iter>
<iter>
<kw name="Get Text" owner="SeleniumLibrary">
<msg time="2025-04-09T08:52:05.156201" level="INFO">${text} = Enabled</msg>
<var>${text}</var>
<arg>${cell}</arg>
<doc>Returns the text value of the element identified by ``locator``.</doc>
<status status="PASS" start="2025-04-09T08:52:04.636554" elapsed="0.519647"/>
</kw>
<kw name="Append To List" owner="Collections">
<arg>${cell_texts}</arg>
<arg>${text}</arg>
<doc>Adds ``values`` to the end of ``list``.</doc>
<status status="PASS" start="2025-04-09T08:52:05.157207" elapsed="0.000996"/>
</kw>
<var name="${cell}">&lt;selenium.webdriver.remote.webelement.WebElement (session="aa09ddd6b4bfacad902648448d729655", element="f.797E3B0F880319FEE2E749B5EF48CF50.d.16D4CD5FE9F70BBC3D54D5E7DF259CD4.e.1183")&gt;</var>
<status status="PASS" start="2025-04-09T08:52:04.635557" elapsed="0.522646"/>
</iter>
<iter>
<kw name="Get Text" owner="SeleniumLibrary">
<msg time="2025-04-09T08:52:05.699553" level="INFO">${text} = </msg>
<var>${text}</var>
<arg>${cell}</arg>
<doc>Returns the text value of the element identified by ``locator``.</doc>
<status status="PASS" start="2025-04-09T08:52:05.159200" elapsed="0.540353"/>
</kw>
<kw name="Append To List" owner="Collections">
<arg>${cell_texts}</arg>
<arg>${text}</arg>
<doc>Adds ``values`` to the end of ``list``.</doc>
<status status="PASS" start="2025-04-09T08:52:05.700595" elapsed="0.000995"/>
</kw>
<var name="${cell}">&lt;selenium.webdriver.remote.webelement.WebElement (session="aa09ddd6b4bfacad902648448d729655", element="f.797E3B0F880319FEE2E749B5EF48CF50.d.16D4CD5FE9F70BBC3D54D5E7DF259CD4.e.1189")&gt;</var>
<status status="PASS" start="2025-04-09T08:52:05.159200" elapsed="0.542390"/>
</iter>
<iter>
<kw name="Get Text" owner="SeleniumLibrary">
<msg time="2025-04-09T08:52:06.217959" level="INFO">${text} = </msg>
<var>${text}</var>
<arg>${cell}</arg>
<doc>Returns the text value of the element identified by ``locator``.</doc>
<status status="PASS" start="2025-04-09T08:52:05.702586" elapsed="0.515373"/>
</kw>
<kw name="Append To List" owner="Collections">
<arg>${cell_texts}</arg>
<arg>${text}</arg>
<doc>Adds ``values`` to the end of ``list``.</doc>
<status status="PASS" start="2025-04-09T08:52:06.217959" elapsed="0.000000"/>
</kw>
<var name="${cell}">&lt;selenium.webdriver.remote.webelement.WebElement (session="aa09ddd6b4bfacad902648448d729655", element="f.797E3B0F880319FEE2E749B5EF48CF50.d.16D4CD5FE9F70BBC3D54D5E7DF259CD4.e.1198")&gt;</var>
<status status="PASS" start="2025-04-09T08:52:05.702586" elapsed="0.516382"/>
</iter>
<iter>
<kw name="Get Text" owner="SeleniumLibrary">
<msg time="2025-04-09T08:52:06.728347" level="INFO">${text} = 3456789</msg>
<var>${text}</var>
<arg>${cell}</arg>
<doc>Returns the text value of the element identified by ``locator``.</doc>
<status status="PASS" start="2025-04-09T08:52:06.218968" elapsed="0.509379"/>
</kw>
<kw name="Append To List" owner="Collections">
<arg>${cell_texts}</arg>
<arg>${text}</arg>
<doc>Adds ``values`` to the end of ``list``.</doc>
<status status="PASS" start="2025-04-09T08:52:06.728347" elapsed="0.000000"/>
</kw>
<var name="${cell}">&lt;selenium.webdriver.remote.webelement.WebElement (session="aa09ddd6b4bfacad902648448d729655", element="f.797E3B0F880319FEE2E749B5EF48CF50.d.16D4CD5FE9F70BBC3D54D5E7DF259CD4.e.1200")&gt;</var>
<status status="PASS" start="2025-04-09T08:52:06.218968" elapsed="0.509379"/>
</iter>
<iter>
<kw name="Get Text" owner="SeleniumLibrary">
<msg time="2025-04-09T08:52:07.239595" level="INFO">${text} = ESS</msg>
<var>${text}</var>
<arg>${cell}</arg>
<doc>Returns the text value of the element identified by ``locator``.</doc>
<status status="PASS" start="2025-04-09T08:52:06.729344" elapsed="0.510251"/>
</kw>
<kw name="Append To List" owner="Collections">
<arg>${cell_texts}</arg>
<arg>${text}</arg>
<doc>Adds ``values`` to the end of ``list``.</doc>
<status status="PASS" start="2025-04-09T08:52:07.239595" elapsed="0.001005"/>
</kw>
<var name="${cell}">&lt;selenium.webdriver.remote.webelement.WebElement (session="aa09ddd6b4bfacad902648448d729655", element="f.797E3B0F880319FEE2E749B5EF48CF50.d.16D4CD5FE9F70BBC3D54D5E7DF259CD4.e.1202")&gt;</var>
<status status="PASS" start="2025-04-09T08:52:06.729344" elapsed="0.511256"/>
</iter>
<iter>
<kw name="Get Text" owner="SeleniumLibrary">
<msg time="2025-04-09T08:52:07.753375" level="INFO">${text} = Timothy Amiano</msg>
<var>${text}</var>
<arg>${cell}</arg>
<doc>Returns the text value of the element identified by ``locator``.</doc>
<status status="PASS" start="2025-04-09T08:52:07.240600" elapsed="0.512775"/>
</kw>
<kw name="Append To List" owner="Collections">
<arg>${cell_texts}</arg>
<arg>${text}</arg>
<doc>Adds ``values`` to the end of ``list``.</doc>
<status status="PASS" start="2025-04-09T08:52:07.753375" elapsed="0.000996"/>
</kw>
<var name="${cell}">&lt;selenium.webdriver.remote.webelement.WebElement (session="aa09ddd6b4bfacad902648448d729655", element="f.797E3B0F880319FEE2E749B5EF48CF50.d.16D4CD5FE9F70BBC3D54D5E7DF259CD4.e.1204")&gt;</var>
<status status="PASS" start="2025-04-09T08:52:07.240600" elapsed="0.513771"/>
</iter>
<iter>
<kw name="Get Text" owner="SeleniumLibrary">
<msg time="2025-04-09T08:52:08.265817" level="INFO">${text} = Enabled</msg>
<var>${text}</var>
<arg>${cell}</arg>
<doc>Returns the text value of the element identified by ``locator``.</doc>
<status status="PASS" start="2025-04-09T08:52:07.754371" elapsed="0.511446"/>
</kw>
<kw name="Append To List" owner="Collections">
<arg>${cell_texts}</arg>
<arg>${text}</arg>
<doc>Adds ``values`` to the end of ``list``.</doc>
<status status="PASS" start="2025-04-09T08:52:08.266817" elapsed="0.000000"/>
</kw>
<var name="${cell}">&lt;selenium.webdriver.remote.webelement.WebElement (session="aa09ddd6b4bfacad902648448d729655", element="f.797E3B0F880319FEE2E749B5EF48CF50.d.16D4CD5FE9F70BBC3D54D5E7DF259CD4.e.1206")&gt;</var>
<status status="PASS" start="2025-04-09T08:52:07.754371" elapsed="0.513439"/>
</iter>
<iter>
<kw name="Get Text" owner="SeleniumLibrary">
<msg time="2025-04-09T08:52:08.779394" level="INFO">${text} = </msg>
<var>${text}</var>
<arg>${cell}</arg>
<doc>Returns the text value of the element identified by ``locator``.</doc>
<status status="PASS" start="2025-04-09T08:52:08.268808" elapsed="0.510586"/>
</kw>
<kw name="Append To List" owner="Collections">
<arg>${cell_texts}</arg>
<arg>${text}</arg>
<doc>Adds ``values`` to the end of ``list``.</doc>
<status status="PASS" start="2025-04-09T08:52:08.779394" elapsed="0.000000"/>
</kw>
<var name="${cell}">&lt;selenium.webdriver.remote.webelement.WebElement (session="aa09ddd6b4bfacad902648448d729655", element="f.797E3B0F880319FEE2E749B5EF48CF50.d.16D4CD5FE9F70BBC3D54D5E7DF259CD4.e.1212")&gt;</var>
<status status="PASS" start="2025-04-09T08:52:08.267810" elapsed="0.511584"/>
</iter>
<iter>
<kw name="Get Text" owner="SeleniumLibrary">
<msg time="2025-04-09T08:52:09.292454" level="INFO">${text} = </msg>
<var>${text}</var>
<arg>${cell}</arg>
<doc>Returns the text value of the element identified by ``locator``.</doc>
<status status="PASS" start="2025-04-09T08:52:08.780361" elapsed="0.512093"/>
</kw>
<kw name="Append To List" owner="Collections">
<arg>${cell_texts}</arg>
<arg>${text}</arg>
<doc>Adds ``values`` to the end of ``list``.</doc>
<status status="PASS" start="2025-04-09T08:52:09.292454" elapsed="0.000000"/>
</kw>
<var name="${cell}">&lt;selenium.webdriver.remote.webelement.WebElement (session="aa09ddd6b4bfacad902648448d729655", element="f.797E3B0F880319FEE2E749B5EF48CF50.d.16D4CD5FE9F70BBC3D54D5E7DF259CD4.e.1221")&gt;</var>
<status status="PASS" start="2025-04-09T08:52:08.780361" elapsed="0.512093"/>
</iter>
<iter>
<kw name="Get Text" owner="SeleniumLibrary">
<msg time="2025-04-09T08:52:09.804551" level="INFO">${text} = Adm166</msg>
<var>${text}</var>
<arg>${cell}</arg>
<doc>Returns the text value of the element identified by ``locator``.</doc>
<status status="PASS" start="2025-04-09T08:52:09.293424" elapsed="0.511127"/>
</kw>
<kw name="Append To List" owner="Collections">
<arg>${cell_texts}</arg>
<arg>${text}</arg>
<doc>Adds ``values`` to the end of ``list``.</doc>
<status status="PASS" start="2025-04-09T08:52:09.804551" elapsed="0.000967"/>
</kw>
<var name="${cell}">&lt;selenium.webdriver.remote.webelement.WebElement (session="aa09ddd6b4bfacad902648448d729655", element="f.797E3B0F880319FEE2E749B5EF48CF50.d.16D4CD5FE9F70BBC3D54D5E7DF259CD4.e.1223")&gt;</var>
<status status="PASS" start="2025-04-09T08:52:09.293424" elapsed="0.512094"/>
</iter>
<iter>
<kw name="Get Text" owner="SeleniumLibrary">
<msg time="2025-04-09T08:52:10.315116" level="INFO">${text} = Admin</msg>
<var>${text}</var>
<arg>${cell}</arg>
<doc>Returns the text value of the element identified by ``locator``.</doc>
<status status="PASS" start="2025-04-09T08:52:09.805518" elapsed="0.509598"/>
</kw>
<kw name="Append To List" owner="Collections">
<arg>${cell_texts}</arg>
<arg>${text}</arg>
<doc>Adds ``values`` to the end of ``list``.</doc>
<status status="PASS" start="2025-04-09T08:52:10.315116" elapsed="0.000998"/>
</kw>
<var name="${cell}">&lt;selenium.webdriver.remote.webelement.WebElement (session="aa09ddd6b4bfacad902648448d729655", element="f.797E3B0F880319FEE2E749B5EF48CF50.d.16D4CD5FE9F70BBC3D54D5E7DF259CD4.e.1225")&gt;</var>
<status status="PASS" start="2025-04-09T08:52:09.805518" elapsed="0.510596"/>
</iter>
<iter>
<kw name="Get Text" owner="SeleniumLibrary">
<msg time="2025-04-09T08:52:10.831982" level="INFO">${text} = Jobin Sam</msg>
<var>${text}</var>
<arg>${cell}</arg>
<doc>Returns the text value of the element identified by ``locator``.</doc>
<status status="PASS" start="2025-04-09T08:52:10.317110" elapsed="0.514872"/>
</kw>
<kw name="Append To List" owner="Collections">
<arg>${cell_texts}</arg>
<arg>${text}</arg>
<doc>Adds ``values`` to the end of ``list``.</doc>
<status status="PASS" start="2025-04-09T08:52:10.831982" elapsed="0.000997"/>
</kw>
<var name="${cell}">&lt;selenium.webdriver.remote.webelement.WebElement (session="aa09ddd6b4bfacad902648448d729655", element="f.797E3B0F880319FEE2E749B5EF48CF50.d.16D4CD5FE9F70BBC3D54D5E7DF259CD4.e.1227")&gt;</var>
<status status="PASS" start="2025-04-09T08:52:10.317110" elapsed="0.515869"/>
</iter>
<iter>
<kw name="Get Text" owner="SeleniumLibrary">
<msg time="2025-04-09T08:52:11.347630" level="INFO">${text} = Enabled</msg>
<var>${text}</var>
<arg>${cell}</arg>
<doc>Returns the text value of the element identified by ``locator``.</doc>
<status status="PASS" start="2025-04-09T08:52:10.832979" elapsed="0.514651"/>
</kw>
<kw name="Append To List" owner="Collections">
<arg>${cell_texts}</arg>
<arg>${text}</arg>
<doc>Adds ``values`` to the end of ``list``.</doc>
<status status="PASS" start="2025-04-09T08:52:11.347630" elapsed="0.000000"/>
</kw>
<var name="${cell}">&lt;selenium.webdriver.remote.webelement.WebElement (session="aa09ddd6b4bfacad902648448d729655", element="f.797E3B0F880319FEE2E749B5EF48CF50.d.16D4CD5FE9F70BBC3D54D5E7DF259CD4.e.1229")&gt;</var>
<status status="PASS" start="2025-04-09T08:52:10.832979" elapsed="0.514651"/>
</iter>
<iter>
<kw name="Get Text" owner="SeleniumLibrary">
<msg time="2025-04-09T08:52:11.858264" level="INFO">${text} = </msg>
<var>${text}</var>
<arg>${cell}</arg>
<doc>Returns the text value of the element identified by ``locator``.</doc>
<status status="PASS" start="2025-04-09T08:52:11.348599" elapsed="0.509665"/>
</kw>
<kw name="Append To List" owner="Collections">
<arg>${cell_texts}</arg>
<arg>${text}</arg>
<doc>Adds ``values`` to the end of ``list``.</doc>
<status status="PASS" start="2025-04-09T08:52:11.858264" elapsed="0.000000"/>
</kw>
<var name="${cell}">&lt;selenium.webdriver.remote.webelement.WebElement (session="aa09ddd6b4bfacad902648448d729655", element="f.797E3B0F880319FEE2E749B5EF48CF50.d.16D4CD5FE9F70BBC3D54D5E7DF259CD4.e.1235")&gt;</var>
<status status="PASS" start="2025-04-09T08:52:11.348599" elapsed="0.509665"/>
</iter>
<iter>
<kw name="Get Text" owner="SeleniumLibrary">
<msg time="2025-04-09T08:52:12.370991" level="INFO">${text} = </msg>
<var>${text}</var>
<arg>${cell}</arg>
<doc>Returns the text value of the element identified by ``locator``.</doc>
<status status="PASS" start="2025-04-09T08:52:11.859262" elapsed="0.511729"/>
</kw>
<kw name="Append To List" owner="Collections">
<arg>${cell_texts}</arg>
<arg>${text}</arg>
<doc>Adds ``values`` to the end of ``list``.</doc>
<status status="PASS" start="2025-04-09T08:52:12.370991" elapsed="0.000000"/>
</kw>
<var name="${cell}">&lt;selenium.webdriver.remote.webelement.WebElement (session="aa09ddd6b4bfacad902648448d729655", element="f.797E3B0F880319FEE2E749B5EF48CF50.d.16D4CD5FE9F70BBC3D54D5E7DF259CD4.e.1244")&gt;</var>
<status status="PASS" start="2025-04-09T08:52:11.859262" elapsed="0.511729"/>
</iter>
<iter>
<kw name="Get Text" owner="SeleniumLibrary">
<msg time="2025-04-09T08:52:12.881504" level="INFO">${text} = Admi16</msg>
<var>${text}</var>
<arg>${cell}</arg>
<doc>Returns the text value of the element identified by ``locator``.</doc>
<status status="PASS" start="2025-04-09T08:52:12.371989" elapsed="0.509515"/>
</kw>
<kw name="Append To List" owner="Collections">
<arg>${cell_texts}</arg>
<arg>${text}</arg>
<doc>Adds ``values`` to the end of ``list``.</doc>
<status status="PASS" start="2025-04-09T08:52:12.881504" elapsed="0.000000"/>
</kw>
<var name="${cell}">&lt;selenium.webdriver.remote.webelement.WebElement (session="aa09ddd6b4bfacad902648448d729655", element="f.797E3B0F880319FEE2E749B5EF48CF50.d.16D4CD5FE9F70BBC3D54D5E7DF259CD4.e.1246")&gt;</var>
<status status="PASS" start="2025-04-09T08:52:12.371989" elapsed="0.509515"/>
</iter>
<iter>
<kw name="Get Text" owner="SeleniumLibrary">
<msg time="2025-04-09T08:52:13.391474" level="INFO">${text} = Admin</msg>
<var>${text}</var>
<arg>${cell}</arg>
<doc>Returns the text value of the element identified by ``locator``.</doc>
<status status="PASS" start="2025-04-09T08:52:12.882501" elapsed="0.508973"/>
</kw>
<kw name="Append To List" owner="Collections">
<arg>${cell_texts}</arg>
<arg>${text}</arg>
<doc>Adds ``values`` to the end of ``list``.</doc>
<status status="PASS" start="2025-04-09T08:52:13.391474" elapsed="0.000000"/>
</kw>
<var name="${cell}">&lt;selenium.webdriver.remote.webelement.WebElement (session="aa09ddd6b4bfacad902648448d729655", element="f.797E3B0F880319FEE2E749B5EF48CF50.d.16D4CD5FE9F70BBC3D54D5E7DF259CD4.e.1248")&gt;</var>
<status status="PASS" start="2025-04-09T08:52:12.882501" elapsed="0.508973"/>
</iter>
<iter>
<kw name="Get Text" owner="SeleniumLibrary">
<msg time="2025-04-09T08:52:13.901415" level="INFO">${text} = Jobin Sam</msg>
<var>${text}</var>
<arg>${cell}</arg>
<doc>Returns the text value of the element identified by ``locator``.</doc>
<status status="PASS" start="2025-04-09T08:52:13.392471" elapsed="0.508944"/>
</kw>
<kw name="Append To List" owner="Collections">
<arg>${cell_texts}</arg>
<arg>${text}</arg>
<doc>Adds ``values`` to the end of ``list``.</doc>
<status status="PASS" start="2025-04-09T08:52:13.901415" elapsed="0.000000"/>
</kw>
<var name="${cell}">&lt;selenium.webdriver.remote.webelement.WebElement (session="aa09ddd6b4bfacad902648448d729655", element="f.797E3B0F880319FEE2E749B5EF48CF50.d.16D4CD5FE9F70BBC3D54D5E7DF259CD4.e.1250")&gt;</var>
<status status="PASS" start="2025-04-09T08:52:13.392471" elapsed="0.508944"/>
</iter>
<iter>
<kw name="Get Text" owner="SeleniumLibrary">
<msg time="2025-04-09T08:52:14.415862" level="INFO">${text} = Enabled</msg>
<var>${text}</var>
<arg>${cell}</arg>
<doc>Returns the text value of the element identified by ``locator``.</doc>
<status status="PASS" start="2025-04-09T08:52:13.902412" elapsed="0.513450"/>
</kw>
<kw name="Append To List" owner="Collections">
<arg>${cell_texts}</arg>
<arg>${text}</arg>
<doc>Adds ``values`` to the end of ``list``.</doc>
<status status="PASS" start="2025-04-09T08:52:14.415862" elapsed="0.000000"/>
</kw>
<var name="${cell}">&lt;selenium.webdriver.remote.webelement.WebElement (session="aa09ddd6b4bfacad902648448d729655", element="f.797E3B0F880319FEE2E749B5EF48CF50.d.16D4CD5FE9F70BBC3D54D5E7DF259CD4.e.1252")&gt;</var>
<status status="PASS" start="2025-04-09T08:52:13.902412" elapsed="0.514418"/>
</iter>
<iter>
<kw name="Get Text" owner="SeleniumLibrary">
<msg time="2025-04-09T08:52:14.927967" level="INFO">${text} = </msg>
<var>${text}</var>
<arg>${cell}</arg>
<doc>Returns the text value of the element identified by ``locator``.</doc>
<status status="PASS" start="2025-04-09T08:52:14.416830" elapsed="0.511137"/>
</kw>
<kw name="Append To List" owner="Collections">
<arg>${cell_texts}</arg>
<arg>${text}</arg>
<doc>Adds ``values`` to the end of ``list``.</doc>
<status status="PASS" start="2025-04-09T08:52:14.927967" elapsed="0.000000"/>
</kw>
<var name="${cell}">&lt;selenium.webdriver.remote.webelement.WebElement (session="aa09ddd6b4bfacad902648448d729655", element="f.797E3B0F880319FEE2E749B5EF48CF50.d.16D4CD5FE9F70BBC3D54D5E7DF259CD4.e.1258")&gt;</var>
<status status="PASS" start="2025-04-09T08:52:14.416830" elapsed="0.511137"/>
</iter>
<iter>
<kw name="Get Text" owner="SeleniumLibrary">
<msg time="2025-04-09T08:52:15.438439" level="INFO">${text} = </msg>
<var>${text}</var>
<arg>${cell}</arg>
<doc>Returns the text value of the element identified by ``locator``.</doc>
<status status="PASS" start="2025-04-09T08:52:14.928965" elapsed="0.509474"/>
</kw>
<kw name="Append To List" owner="Collections">
<arg>${cell_texts}</arg>
<arg>${text}</arg>
<doc>Adds ``values`` to the end of ``list``.</doc>
<status status="PASS" start="2025-04-09T08:52:15.438439" elapsed="0.000998"/>
</kw>
<var name="${cell}">&lt;selenium.webdriver.remote.webelement.WebElement (session="aa09ddd6b4bfacad902648448d729655", element="f.797E3B0F880319FEE2E749B5EF48CF50.d.16D4CD5FE9F70BBC3D54D5E7DF259CD4.e.1267")&gt;</var>
<status status="PASS" start="2025-04-09T08:52:14.928965" elapsed="0.510472"/>
</iter>
<iter>
<kw name="Get Text" owner="SeleniumLibrary">
<msg time="2025-04-09T08:52:15.952071" level="INFO">${text} = Admi166</msg>
<var>${text}</var>
<arg>${cell}</arg>
<doc>Returns the text value of the element identified by ``locator``.</doc>
<status status="PASS" start="2025-04-09T08:52:15.440434" elapsed="0.511637"/>
</kw>
<kw name="Append To List" owner="Collections">
<arg>${cell_texts}</arg>
<arg>${text}</arg>
<doc>Adds ``values`` to the end of ``list``.</doc>
<status status="PASS" start="2025-04-09T08:52:15.952071" elapsed="0.000000"/>
</kw>
<var name="${cell}">&lt;selenium.webdriver.remote.webelement.WebElement (session="aa09ddd6b4bfacad902648448d729655", element="f.797E3B0F880319FEE2E749B5EF48CF50.d.16D4CD5FE9F70BBC3D54D5E7DF259CD4.e.1269")&gt;</var>
<status status="PASS" start="2025-04-09T08:52:15.439437" elapsed="0.513632"/>
</iter>
<iter>
<kw name="Get Text" owner="SeleniumLibrary">
<msg time="2025-04-09T08:52:16.462072" level="INFO">${text} = Admin</msg>
<var>${text}</var>
<arg>${cell}</arg>
<doc>Returns the text value of the element identified by ``locator``.</doc>
<status status="PASS" start="2025-04-09T08:52:15.953069" elapsed="0.509003"/>
</kw>
<kw name="Append To List" owner="Collections">
<arg>${cell_texts}</arg>
<arg>${text}</arg>
<doc>Adds ``values`` to the end of ``list``.</doc>
<status status="PASS" start="2025-04-09T08:52:16.462072" elapsed="0.000000"/>
</kw>
<var name="${cell}">&lt;selenium.webdriver.remote.webelement.WebElement (session="aa09ddd6b4bfacad902648448d729655", element="f.797E3B0F880319FEE2E749B5EF48CF50.d.16D4CD5FE9F70BBC3D54D5E7DF259CD4.e.1271")&gt;</var>
<status status="PASS" start="2025-04-09T08:52:15.953069" elapsed="0.509003"/>
</iter>
<iter>
<kw name="Get Text" owner="SeleniumLibrary">
<msg time="2025-04-09T08:52:16.973603" level="INFO">${text} = Jobin Sam</msg>
<var>${text}</var>
<arg>${cell}</arg>
<doc>Returns the text value of the element identified by ``locator``.</doc>
<status status="PASS" start="2025-04-09T08:52:16.463070" elapsed="0.510533"/>
</kw>
<kw name="Append To List" owner="Collections">
<arg>${cell_texts}</arg>
<arg>${text}</arg>
<doc>Adds ``values`` to the end of ``list``.</doc>
<status status="PASS" start="2025-04-09T08:52:16.973603" elapsed="0.000000"/>
</kw>
<var name="${cell}">&lt;selenium.webdriver.remote.webelement.WebElement (session="aa09ddd6b4bfacad902648448d729655", element="f.797E3B0F880319FEE2E749B5EF48CF50.d.16D4CD5FE9F70BBC3D54D5E7DF259CD4.e.1273")&gt;</var>
<status status="PASS" start="2025-04-09T08:52:16.463070" elapsed="0.510533"/>
</iter>
<iter>
<kw name="Get Text" owner="SeleniumLibrary">
<msg time="2025-04-09T08:52:17.484268" level="INFO">${text} = Enabled</msg>
<var>${text}</var>
<arg>${cell}</arg>
<doc>Returns the text value of the element identified by ``locator``.</doc>
<status status="PASS" start="2025-04-09T08:52:16.974570" elapsed="0.509698"/>
</kw>
<kw name="Append To List" owner="Collections">
<arg>${cell_texts}</arg>
<arg>${text}</arg>
<doc>Adds ``values`` to the end of ``list``.</doc>
<status status="PASS" start="2025-04-09T08:52:17.484268" elapsed="0.000000"/>
</kw>
<var name="${cell}">&lt;selenium.webdriver.remote.webelement.WebElement (session="aa09ddd6b4bfacad902648448d729655", element="f.797E3B0F880319FEE2E749B5EF48CF50.d.16D4CD5FE9F70BBC3D54D5E7DF259CD4.e.1275")&gt;</var>
<status status="PASS" start="2025-04-09T08:52:16.974570" elapsed="0.510700"/>
</iter>
<iter>
<kw name="Get Text" owner="SeleniumLibrary">
<msg time="2025-04-09T08:52:17.996921" level="INFO">${text} = </msg>
<var>${text}</var>
<arg>${cell}</arg>
<doc>Returns the text value of the element identified by ``locator``.</doc>
<status status="PASS" start="2025-04-09T08:52:17.485270" elapsed="0.511651"/>
</kw>
<kw name="Append To List" owner="Collections">
<arg>${cell_texts}</arg>
<arg>${text}</arg>
<doc>Adds ``values`` to the end of ``list``.</doc>
<status status="PASS" start="2025-04-09T08:52:17.996921" elapsed="0.000000"/>
</kw>
<var name="${cell}">&lt;selenium.webdriver.remote.webelement.WebElement (session="aa09ddd6b4bfacad902648448d729655", element="f.797E3B0F880319FEE2E749B5EF48CF50.d.16D4CD5FE9F70BBC3D54D5E7DF259CD4.e.1281")&gt;</var>
<status status="PASS" start="2025-04-09T08:52:17.485270" elapsed="0.511651"/>
</iter>
<iter>
<kw name="Get Text" owner="SeleniumLibrary">
<msg time="2025-04-09T08:52:18.507585" level="INFO">${text} = </msg>
<var>${text}</var>
<arg>${cell}</arg>
<doc>Returns the text value of the element identified by ``locator``.</doc>
<status status="PASS" start="2025-04-09T08:52:17.997919" elapsed="0.509666"/>
</kw>
<kw name="Append To List" owner="Collections">
<arg>${cell_texts}</arg>
<arg>${text}</arg>
<doc>Adds ``values`` to the end of ``list``.</doc>
<status status="PASS" start="2025-04-09T08:52:18.507585" elapsed="0.000000"/>
</kw>
<var name="${cell}">&lt;selenium.webdriver.remote.webelement.WebElement (session="aa09ddd6b4bfacad902648448d729655", element="f.797E3B0F880319FEE2E749B5EF48CF50.d.16D4CD5FE9F70BBC3D54D5E7DF259CD4.e.1291")&gt;</var>
<status status="PASS" start="2025-04-09T08:52:17.997919" elapsed="0.509666"/>
</iter>
<iter>
<kw name="Get Text" owner="SeleniumLibrary">
<msg time="2025-04-09T08:52:19.018238" level="INFO">${text} = Admin</msg>
<var>${text}</var>
<arg>${cell}</arg>
<doc>Returns the text value of the element identified by ``locator``.</doc>
<status status="PASS" start="2025-04-09T08:52:18.508550" elapsed="0.509688"/>
</kw>
<kw name="Append To List" owner="Collections">
<arg>${cell_texts}</arg>
<arg>${text}</arg>
<doc>Adds ``values`` to the end of ``list``.</doc>
<status status="PASS" start="2025-04-09T08:52:19.018238" elapsed="0.000000"/>
</kw>
<var name="${cell}">&lt;selenium.webdriver.remote.webelement.WebElement (session="aa09ddd6b4bfacad902648448d729655", element="f.797E3B0F880319FEE2E749B5EF48CF50.d.16D4CD5FE9F70BBC3D54D5E7DF259CD4.e.1293")&gt;</var>
<status status="PASS" start="2025-04-09T08:52:18.508550" elapsed="0.509688"/>
</iter>
<iter>
<kw name="Get Text" owner="SeleniumLibrary">
<msg time="2025-04-09T08:52:19.531894" level="INFO">${text} = Admin</msg>
<var>${text}</var>
<arg>${cell}</arg>
<doc>Returns the text value of the element identified by ``locator``.</doc>
<status status="PASS" start="2025-04-09T08:52:19.019236" elapsed="0.512658"/>
</kw>
<kw name="Append To List" owner="Collections">
<arg>${cell_texts}</arg>
<arg>${text}</arg>
<doc>Adds ``values`` to the end of ``list``.</doc>
<status status="PASS" start="2025-04-09T08:52:19.531894" elapsed="0.000000"/>
</kw>
<var name="${cell}">&lt;selenium.webdriver.remote.webelement.WebElement (session="aa09ddd6b4bfacad902648448d729655", element="f.797E3B0F880319FEE2E749B5EF48CF50.d.16D4CD5FE9F70BBC3D54D5E7DF259CD4.e.1295")&gt;</var>
<status status="PASS" start="2025-04-09T08:52:19.019236" elapsed="0.512658"/>
</iter>
<iter>
<kw name="Get Text" owner="SeleniumLibrary">
<msg time="2025-04-09T08:52:20.052503" level="INFO">${text} = Dienes Stein</msg>
<var>${text}</var>
<arg>${cell}</arg>
<doc>Returns the text value of the element identified by ``locator``.</doc>
<status status="PASS" start="2025-04-09T08:52:19.532863" elapsed="0.519640"/>
</kw>
<kw name="Append To List" owner="Collections">
<arg>${cell_texts}</arg>
<arg>${text}</arg>
<doc>Adds ``values`` to the end of ``list``.</doc>
<status status="PASS" start="2025-04-09T08:52:20.052503" elapsed="0.000000"/>
</kw>
<var name="${cell}">&lt;selenium.webdriver.remote.webelement.WebElement (session="aa09ddd6b4bfacad902648448d729655", element="f.797E3B0F880319FEE2E749B5EF48CF50.d.16D4CD5FE9F70BBC3D54D5E7DF259CD4.e.1297")&gt;</var>
<status status="PASS" start="2025-04-09T08:52:19.532863" elapsed="0.519640"/>
</iter>
<iter>
<kw name="Get Text" owner="SeleniumLibrary">
<msg time="2025-04-09T08:52:20.563440" level="INFO">${text} = Enabled</msg>
<var>${text}</var>
<arg>${cell}</arg>
<doc>Returns the text value of the element identified by ``locator``.</doc>
<status status="PASS" start="2025-04-09T08:52:20.053499" elapsed="0.509941"/>
</kw>
<kw name="Append To List" owner="Collections">
<arg>${cell_texts}</arg>
<arg>${text}</arg>
<doc>Adds ``values`` to the end of ``list``.</doc>
<status status="PASS" start="2025-04-09T08:52:20.563440" elapsed="0.000000"/>
</kw>
<var name="${cell}">&lt;selenium.webdriver.remote.webelement.WebElement (session="aa09ddd6b4bfacad902648448d729655", element="f.797E3B0F880319FEE2E749B5EF48CF50.d.16D4CD5FE9F70BBC3D54D5E7DF259CD4.e.1299")&gt;</var>
<status status="PASS" start="2025-04-09T08:52:20.053499" elapsed="0.509941"/>
</iter>
<iter>
<kw name="Get Text" owner="SeleniumLibrary">
<msg time="2025-04-09T08:52:21.075239" level="INFO">${text} = </msg>
<var>${text}</var>
<arg>${cell}</arg>
<doc>Returns the text value of the element identified by ``locator``.</doc>
<status status="PASS" start="2025-04-09T08:52:20.564436" elapsed="0.510803"/>
</kw>
<kw name="Append To List" owner="Collections">
<arg>${cell_texts}</arg>
<arg>${text}</arg>
<doc>Adds ``values`` to the end of ``list``.</doc>
<status status="PASS" start="2025-04-09T08:52:21.075239" elapsed="0.000000"/>
</kw>
<var name="${cell}">&lt;selenium.webdriver.remote.webelement.WebElement (session="aa09ddd6b4bfacad902648448d729655", element="f.797E3B0F880319FEE2E749B5EF48CF50.d.16D4CD5FE9F70BBC3D54D5E7DF259CD4.e.1305")&gt;</var>
<status status="PASS" start="2025-04-09T08:52:20.564436" elapsed="0.510803"/>
</iter>
<iter>
<kw name="Get Text" owner="SeleniumLibrary">
<msg time="2025-04-09T08:52:21.586559" level="INFO">${text} = </msg>
<var>${text}</var>
<arg>${cell}</arg>
<doc>Returns the text value of the element identified by ``locator``.</doc>
<status status="PASS" start="2025-04-09T08:52:21.076206" elapsed="0.510353"/>
</kw>
<kw name="Append To List" owner="Collections">
<arg>${cell_texts}</arg>
<arg>${text}</arg>
<doc>Adds ``values`` to the end of ``list``.</doc>
<status status="PASS" start="2025-04-09T08:52:21.586559" elapsed="0.000000"/>
</kw>
<var name="${cell}">&lt;selenium.webdriver.remote.webelement.WebElement (session="aa09ddd6b4bfacad902648448d729655", element="f.797E3B0F880319FEE2E749B5EF48CF50.d.16D4CD5FE9F70BBC3D54D5E7DF259CD4.e.1314")&gt;</var>
<status status="PASS" start="2025-04-09T08:52:21.076206" elapsed="0.510353"/>
</iter>
<iter>
<kw name="Get Text" owner="SeleniumLibrary">
<msg time="2025-04-09T08:52:22.096973" level="INFO">${text} = Admin16</msg>
<var>${text}</var>
<arg>${cell}</arg>
<doc>Returns the text value of the element identified by ``locator``.</doc>
<status status="PASS" start="2025-04-09T08:52:21.587528" elapsed="0.509445"/>
</kw>
<kw name="Append To List" owner="Collections">
<arg>${cell_texts}</arg>
<arg>${text}</arg>
<doc>Adds ``values`` to the end of ``list``.</doc>
<status status="PASS" start="2025-04-09T08:52:22.096973" elapsed="0.000998"/>
</kw>
<var name="${cell}">&lt;selenium.webdriver.remote.webelement.WebElement (session="aa09ddd6b4bfacad902648448d729655", element="f.797E3B0F880319FEE2E749B5EF48CF50.d.16D4CD5FE9F70BBC3D54D5E7DF259CD4.e.1316")&gt;</var>
<status status="PASS" start="2025-04-09T08:52:21.587528" elapsed="0.510443"/>
</iter>
<iter>
<kw name="Get Text" owner="SeleniumLibrary">
<msg time="2025-04-09T08:52:22.607870" level="INFO">${text} = Admin</msg>
<var>${text}</var>
<arg>${cell}</arg>
<doc>Returns the text value of the element identified by ``locator``.</doc>
<status status="PASS" start="2025-04-09T08:52:22.097971" elapsed="0.509899"/>
</kw>
<kw name="Append To List" owner="Collections">
<arg>${cell_texts}</arg>
<arg>${text}</arg>
<doc>Adds ``values`` to the end of ``list``.</doc>
<status status="PASS" start="2025-04-09T08:52:22.607870" elapsed="0.000000"/>
</kw>
<var name="${cell}">&lt;selenium.webdriver.remote.webelement.WebElement (session="aa09ddd6b4bfacad902648448d729655", element="f.797E3B0F880319FEE2E749B5EF48CF50.d.16D4CD5FE9F70BBC3D54D5E7DF259CD4.e.1318")&gt;</var>
<status status="PASS" start="2025-04-09T08:52:22.097971" elapsed="0.509899"/>
</iter>
<iter>
<kw name="Get Text" owner="SeleniumLibrary">
<msg time="2025-04-09T08:52:23.118981" level="INFO">${text} = Jobin Sam</msg>
<var>${text}</var>
<arg>${cell}</arg>
<doc>Returns the text value of the element identified by ``locator``.</doc>
<status status="PASS" start="2025-04-09T08:52:22.608869" elapsed="0.510112"/>
</kw>
<kw name="Append To List" owner="Collections">
<arg>${cell_texts}</arg>
<arg>${text}</arg>
<doc>Adds ``values`` to the end of ``list``.</doc>
<status status="PASS" start="2025-04-09T08:52:23.118981" elapsed="0.000000"/>
</kw>
<var name="${cell}">&lt;selenium.webdriver.remote.webelement.WebElement (session="aa09ddd6b4bfacad902648448d729655", element="f.797E3B0F880319FEE2E749B5EF48CF50.d.16D4CD5FE9F70BBC3D54D5E7DF259CD4.e.1320")&gt;</var>
<status status="PASS" start="2025-04-09T08:52:22.608869" elapsed="0.510112"/>
</iter>
<iter>
<kw name="Get Text" owner="SeleniumLibrary">
<msg time="2025-04-09T08:52:23.630302" level="INFO">${text} = Enabled</msg>
<var>${text}</var>
<arg>${cell}</arg>
<doc>Returns the text value of the element identified by ``locator``.</doc>
<status status="PASS" start="2025-04-09T08:52:23.119947" elapsed="0.510355"/>
</kw>
<kw name="Append To List" owner="Collections">
<arg>${cell_texts}</arg>
<arg>${text}</arg>
<doc>Adds ``values`` to the end of ``list``.</doc>
<status status="PASS" start="2025-04-09T08:52:23.630856" elapsed="0.000000"/>
</kw>
<var name="${cell}">&lt;selenium.webdriver.remote.webelement.WebElement (session="aa09ddd6b4bfacad902648448d729655", element="f.797E3B0F880319FEE2E749B5EF48CF50.d.16D4CD5FE9F70BBC3D54D5E7DF259CD4.e.1322")&gt;</var>
<status status="PASS" start="2025-04-09T08:52:23.119947" elapsed="0.510909"/>
</iter>
<iter>
<kw name="Get Text" owner="SeleniumLibrary">
<msg time="2025-04-09T08:52:24.142473" level="INFO">${text} = </msg>
<var>${text}</var>
<arg>${cell}</arg>
<doc>Returns the text value of the element identified by ``locator``.</doc>
<status status="PASS" start="2025-04-09T08:52:23.630856" elapsed="0.511617"/>
</kw>
<kw name="Append To List" owner="Collections">
<arg>${cell_texts}</arg>
<arg>${text}</arg>
<doc>Adds ``values`` to the end of ``list``.</doc>
<status status="PASS" start="2025-04-09T08:52:24.142473" elapsed="0.000968"/>
</kw>
<var name="${cell}">&lt;selenium.webdriver.remote.webelement.WebElement (session="aa09ddd6b4bfacad902648448d729655", element="f.797E3B0F880319FEE2E749B5EF48CF50.d.16D4CD5FE9F70BBC3D54D5E7DF259CD4.e.1328")&gt;</var>
<status status="PASS" start="2025-04-09T08:52:23.630856" elapsed="0.512585"/>
</iter>
<iter>
<kw name="Get Text" owner="SeleniumLibrary">
<msg time="2025-04-09T08:52:24.653824" level="INFO">${text} = </msg>
<var>${text}</var>
<arg>${cell}</arg>
<doc>Returns the text value of the element identified by ``locator``.</doc>
<status status="PASS" start="2025-04-09T08:52:24.143441" elapsed="0.510383"/>
</kw>
<kw name="Append To List" owner="Collections">
<arg>${cell_texts}</arg>
<arg>${text}</arg>
<doc>Adds ``values`` to the end of ``list``.</doc>
<status status="PASS" start="2025-04-09T08:52:24.653824" elapsed="0.000000"/>
</kw>
<var name="${cell}">&lt;selenium.webdriver.remote.webelement.WebElement (session="aa09ddd6b4bfacad902648448d729655", element="f.797E3B0F880319FEE2E749B5EF48CF50.d.16D4CD5FE9F70BBC3D54D5E7DF259CD4.e.1337")&gt;</var>
<status status="PASS" start="2025-04-09T08:52:24.143441" elapsed="0.510383"/>
</iter>
<iter>
<kw name="Get Text" owner="SeleniumLibrary">
<msg time="2025-04-09T08:52:25.164520" level="INFO">${text} = Predovic-Reilly</msg>
<var>${text}</var>
<arg>${cell}</arg>
<doc>Returns the text value of the element identified by ``locator``.</doc>
<status status="PASS" start="2025-04-09T08:52:24.654821" elapsed="0.509699"/>
</kw>
<kw name="Append To List" owner="Collections">
<arg>${cell_texts}</arg>
<arg>${text}</arg>
<doc>Adds ``values`` to the end of ``list``.</doc>
<status status="PASS" start="2025-04-09T08:52:25.164520" elapsed="0.000000"/>
</kw>
<var name="${cell}">&lt;selenium.webdriver.remote.webelement.WebElement (session="aa09ddd6b4bfacad902648448d729655", element="f.797E3B0F880319FEE2E749B5EF48CF50.d.16D4CD5FE9F70BBC3D54D5E7DF259CD4.e.1339")&gt;</var>
<status status="PASS" start="2025-04-09T08:52:24.654821" elapsed="0.509699"/>
</iter>
<iter>
<kw name="Get Text" owner="SeleniumLibrary">
<msg time="2025-04-09T08:52:25.675340" level="INFO">${text} = Admin</msg>
<var>${text}</var>
<arg>${cell}</arg>
<doc>Returns the text value of the element identified by ``locator``.</doc>
<status status="PASS" start="2025-04-09T08:52:25.165485" elapsed="0.509855"/>
</kw>
<kw name="Append To List" owner="Collections">
<arg>${cell_texts}</arg>
<arg>${text}</arg>
<doc>Adds ``values`` to the end of ``list``.</doc>
<status status="PASS" start="2025-04-09T08:52:25.675340" elapsed="0.000000"/>
</kw>
<var name="${cell}">&lt;selenium.webdriver.remote.webelement.WebElement (session="aa09ddd6b4bfacad902648448d729655", element="f.797E3B0F880319FEE2E749B5EF48CF50.d.16D4CD5FE9F70BBC3D54D5E7DF259CD4.e.1341")&gt;</var>
<status status="PASS" start="2025-04-09T08:52:25.165485" elapsed="0.509855"/>
</iter>
<iter>
<kw name="Get Text" owner="SeleniumLibrary">
<msg time="2025-04-09T08:52:26.185808" level="INFO">${text} = Orange Test</msg>
<var>${text}</var>
<arg>${cell}</arg>
<doc>Returns the text value of the element identified by ``locator``.</doc>
<status status="PASS" start="2025-04-09T08:52:25.676306" elapsed="0.509502"/>
</kw>
<kw name="Append To List" owner="Collections">
<arg>${cell_texts}</arg>
<arg>${text}</arg>
<doc>Adds ``values`` to the end of ``list``.</doc>
<status status="PASS" start="2025-04-09T08:52:26.185808" elapsed="0.000000"/>
</kw>
<var name="${cell}">&lt;selenium.webdriver.remote.webelement.WebElement (session="aa09ddd6b4bfacad902648448d729655", element="f.797E3B0F880319FEE2E749B5EF48CF50.d.16D4CD5FE9F70BBC3D54D5E7DF259CD4.e.1343")&gt;</var>
<status status="PASS" start="2025-04-09T08:52:25.676306" elapsed="0.509502"/>
</iter>
<iter>
<kw name="Get Text" owner="SeleniumLibrary">
<msg time="2025-04-09T08:52:26.696790" level="INFO">${text} = Disabled</msg>
<var>${text}</var>
<arg>${cell}</arg>
<doc>Returns the text value of the element identified by ``locator``.</doc>
<status status="PASS" start="2025-04-09T08:52:26.186805" elapsed="0.509985"/>
</kw>
<kw name="Append To List" owner="Collections">
<arg>${cell_texts}</arg>
<arg>${text}</arg>
<doc>Adds ``values`` to the end of ``list``.</doc>
<status status="PASS" start="2025-04-09T08:52:26.696790" elapsed="0.000000"/>
</kw>
<var name="${cell}">&lt;selenium.webdriver.remote.webelement.WebElement (session="aa09ddd6b4bfacad902648448d729655", element="f.797E3B0F880319FEE2E749B5EF48CF50.d.16D4CD5FE9F70BBC3D54D5E7DF259CD4.e.1345")&gt;</var>
<status status="PASS" start="2025-04-09T08:52:26.186805" elapsed="0.509985"/>
</iter>
<iter>
<kw name="Get Text" owner="SeleniumLibrary">
<msg time="2025-04-09T08:52:27.207995" level="INFO">${text} = </msg>
<var>${text}</var>
<arg>${cell}</arg>
<doc>Returns the text value of the element identified by ``locator``.</doc>
<status status="PASS" start="2025-04-09T08:52:26.697787" elapsed="0.510208"/>
</kw>
<kw name="Append To List" owner="Collections">
<arg>${cell_texts}</arg>
<arg>${text}</arg>
<doc>Adds ``values`` to the end of ``list``.</doc>
<status status="PASS" start="2025-04-09T08:52:27.207995" elapsed="0.000000"/>
</kw>
<var name="${cell}">&lt;selenium.webdriver.remote.webelement.WebElement (session="aa09ddd6b4bfacad902648448d729655", element="f.797E3B0F880319FEE2E749B5EF48CF50.d.16D4CD5FE9F70BBC3D54D5E7DF259CD4.e.1351")&gt;</var>
<status status="PASS" start="2025-04-09T08:52:26.697787" elapsed="0.510208"/>
</iter>
<var>${cell}</var>
<value>@{cells}</value>
<status status="PASS" start="2025-04-09T08:52:02.555303" elapsed="24.653688"/>
</for>
<kw name="Run Keyword If" owner="BuiltIn">
<kw name="Append To List" owner="Collections">
<arg>${user_data}</arg>
<arg>${cell_texts}</arg>
<doc>Adds ``values`` to the end of ``list``.</doc>
<status status="PASS" start="2025-04-09T08:52:27.208991" elapsed="0.000000"/>
</kw>
<arg>${cell_texts}</arg>
<arg>Append To List</arg>
<arg>${user_data}</arg>
<arg>${cell_texts}</arg>
<doc>Runs the given keyword with the given arguments, if ``condition`` is true.</doc>
<status status="PASS" start="2025-04-09T08:52:27.208991" elapsed="0.000000"/>
</kw>
<var name="${row}">&lt;selenium.webdriver.remote.webelement.WebElement (session="aa09ddd6b4bfacad902648448d729655", element="f.797E3B0F880319FEE2E749B5EF48CF50.d.16D4CD5FE9F70BBC3D54D5E7DF259CD4.e.1190")&gt;</var>
<status status="PASS" start="2025-04-09T08:52:02.029963" elapsed="25.179028"/>
</iter>
<iter>
<kw name="Get WebElements" owner="SeleniumLibrary">
<msg time="2025-04-09T08:52:27.722492" level="INFO">${cells} = [&lt;selenium.webdriver.remote.webelement.WebElement (session="aa09ddd6b4bfacad902648448d729655", element="f.797E3B0F880319FEE2E749B5EF48CF50.d.16D4CD5FE9F70BBC3D54D5E7DF259CD4.e.1175")&gt;, &lt;selenium.webdr...</msg>
<var>${cells}</var>
<arg>xpath=.//div[@role='cell']</arg>
<doc>Returns a list of WebElement objects matching the ``locator``.</doc>
<status status="PASS" start="2025-04-09T08:52:27.209989" elapsed="0.512503"/>
</kw>
<kw name="Create List" owner="BuiltIn">
<msg time="2025-04-09T08:52:27.722492" level="INFO">${cell_texts} = []</msg>
<var>${cell_texts}</var>
<doc>Returns a list containing given items.</doc>
<status status="PASS" start="2025-04-09T08:52:27.722492" elapsed="0.000000"/>
</kw>
<for flavor="IN">
<iter>
<kw name="Get Text" owner="SeleniumLibrary">
<msg time="2025-04-09T08:52:28.233316" level="INFO">${text} = </msg>
<var>${text}</var>
<arg>${cell}</arg>
<doc>Returns the text value of the element identified by ``locator``.</doc>
<status status="PASS" start="2025-04-09T08:52:27.723489" elapsed="0.509827"/>
</kw>
<kw name="Append To List" owner="Collections">
<arg>${cell_texts}</arg>
<arg>${text}</arg>
<doc>Adds ``values`` to the end of ``list``.</doc>
<status status="PASS" start="2025-04-09T08:52:28.233316" elapsed="0.000000"/>
</kw>
<var name="${cell}">&lt;selenium.webdriver.remote.webelement.WebElement (session="aa09ddd6b4bfacad902648448d729655", element="f.797E3B0F880319FEE2E749B5EF48CF50.d.16D4CD5FE9F70BBC3D54D5E7DF259CD4.e.1175")&gt;</var>
<status status="PASS" start="2025-04-09T08:52:27.723489" elapsed="0.510824"/>
</iter>
<iter>
<kw name="Get Text" owner="SeleniumLibrary">
<msg time="2025-04-09T08:52:28.744754" level="INFO">${text} = 234567</msg>
<var>${text}</var>
<arg>${cell}</arg>
<doc>Returns the text value of the element identified by ``locator``.</doc>
<status status="PASS" start="2025-04-09T08:52:28.234313" elapsed="0.510441"/>
</kw>
<kw name="Append To List" owner="Collections">
<arg>${cell_texts}</arg>
<arg>${text}</arg>
<doc>Adds ``values`` to the end of ``list``.</doc>
<status status="PASS" start="2025-04-09T08:52:28.744754" elapsed="0.000000"/>
</kw>
<var name="${cell}">&lt;selenium.webdriver.remote.webelement.WebElement (session="aa09ddd6b4bfacad902648448d729655", element="f.797E3B0F880319FEE2E749B5EF48CF50.d.16D4CD5FE9F70BBC3D54D5E7DF259CD4.e.1177")&gt;</var>
<status status="PASS" start="2025-04-09T08:52:28.234313" elapsed="0.510441"/>
</iter>
<iter>
<kw name="Get Text" owner="SeleniumLibrary">
<msg time="2025-04-09T08:52:29.255452" level="INFO">${text} = Admin</msg>
<var>${text}</var>
<arg>${cell}</arg>
<doc>Returns the text value of the element identified by ``locator``.</doc>
<status status="PASS" start="2025-04-09T08:52:28.745752" elapsed="0.509700"/>
</kw>
<kw name="Append To List" owner="Collections">
<arg>${cell_texts}</arg>
<arg>${text}</arg>
<doc>Adds ``values`` to the end of ``list``.</doc>
<status status="PASS" start="2025-04-09T08:52:29.255452" elapsed="0.000000"/>
</kw>
<var name="${cell}">&lt;selenium.webdriver.remote.webelement.WebElement (session="aa09ddd6b4bfacad902648448d729655", element="f.797E3B0F880319FEE2E749B5EF48CF50.d.16D4CD5FE9F70BBC3D54D5E7DF259CD4.e.1179")&gt;</var>
<status status="PASS" start="2025-04-09T08:52:28.745752" elapsed="0.509700"/>
</iter>
<iter>
<kw name="Get Text" owner="SeleniumLibrary">
<msg time="2025-04-09T08:52:29.766584" level="INFO">${text} = Jobin Sam</msg>
<var>${text}</var>
<arg>${cell}</arg>
<doc>Returns the text value of the element identified by ``locator``.</doc>
<status status="PASS" start="2025-04-09T08:52:29.256449" elapsed="0.510135"/>
</kw>
<kw name="Append To List" owner="Collections">
<arg>${cell_texts}</arg>
<arg>${text}</arg>
<doc>Adds ``values`` to the end of ``list``.</doc>
<status status="PASS" start="2025-04-09T08:52:29.766584" elapsed="0.000000"/>
</kw>
<var name="${cell}">&lt;selenium.webdriver.remote.webelement.WebElement (session="aa09ddd6b4bfacad902648448d729655", element="f.797E3B0F880319FEE2E749B5EF48CF50.d.16D4CD5FE9F70BBC3D54D5E7DF259CD4.e.1181")&gt;</var>
<status status="PASS" start="2025-04-09T08:52:29.256449" elapsed="0.510135"/>
</iter>
<iter>
<kw name="Get Text" owner="SeleniumLibrary">
<msg time="2025-04-09T08:52:30.277289" level="INFO">${text} = Enabled</msg>
<var>${text}</var>
<arg>${cell}</arg>
<doc>Returns the text value of the element identified by ``locator``.</doc>
<status status="PASS" start="2025-04-09T08:52:29.767550" elapsed="0.509739"/>
</kw>
<kw name="Append To List" owner="Collections">
<arg>${cell_texts}</arg>
<arg>${text}</arg>
<doc>Adds ``values`` to the end of ``list``.</doc>
<status status="PASS" start="2025-04-09T08:52:30.277289" elapsed="0.000995"/>
</kw>
<var name="${cell}">&lt;selenium.webdriver.remote.webelement.WebElement (session="aa09ddd6b4bfacad902648448d729655", element="f.797E3B0F880319FEE2E749B5EF48CF50.d.16D4CD5FE9F70BBC3D54D5E7DF259CD4.e.1183")&gt;</var>
<status status="PASS" start="2025-04-09T08:52:29.767550" elapsed="0.510734"/>
</iter>
<iter>
<kw name="Get Text" owner="SeleniumLibrary">
<msg time="2025-04-09T08:52:30.789446" level="INFO">${text} = </msg>
<var>${text}</var>
<arg>${cell}</arg>
<doc>Returns the text value of the element identified by ``locator``.</doc>
<status status="PASS" start="2025-04-09T08:52:30.278284" elapsed="0.511162"/>
</kw>
<kw name="Append To List" owner="Collections">
<arg>${cell_texts}</arg>
<arg>${text}</arg>
<doc>Adds ``values`` to the end of ``list``.</doc>
<status status="PASS" start="2025-04-09T08:52:30.789446" elapsed="0.000000"/>
</kw>
<var name="${cell}">&lt;selenium.webdriver.remote.webelement.WebElement (session="aa09ddd6b4bfacad902648448d729655", element="f.797E3B0F880319FEE2E749B5EF48CF50.d.16D4CD5FE9F70BBC3D54D5E7DF259CD4.e.1189")&gt;</var>
<status status="PASS" start="2025-04-09T08:52:30.278284" elapsed="0.511162"/>
</iter>
<iter>
<kw name="Get Text" owner="SeleniumLibrary">
<msg time="2025-04-09T08:52:31.300658" level="INFO">${text} = </msg>
<var>${text}</var>
<arg>${cell}</arg>
<doc>Returns the text value of the element identified by ``locator``.</doc>
<status status="PASS" start="2025-04-09T08:52:30.790472" elapsed="0.510186"/>
</kw>
<kw name="Append To List" owner="Collections">
<arg>${cell_texts}</arg>
<arg>${text}</arg>
<doc>Adds ``values`` to the end of ``list``.</doc>
<status status="PASS" start="2025-04-09T08:52:31.300658" elapsed="0.000000"/>
</kw>
<var name="${cell}">&lt;selenium.webdriver.remote.webelement.WebElement (session="aa09ddd6b4bfacad902648448d729655", element="f.797E3B0F880319FEE2E749B5EF48CF50.d.16D4CD5FE9F70BBC3D54D5E7DF259CD4.e.1198")&gt;</var>
<status status="PASS" start="2025-04-09T08:52:30.790472" elapsed="0.510186"/>
</iter>
<iter>
<kw name="Get Text" owner="SeleniumLibrary">
<msg time="2025-04-09T08:52:31.812164" level="INFO">${text} = 3456789</msg>
<var>${text}</var>
<arg>${cell}</arg>
<doc>Returns the text value of the element identified by ``locator``.</doc>
<status status="PASS" start="2025-04-09T08:52:31.301657" elapsed="0.510507"/>
</kw>
<kw name="Append To List" owner="Collections">
<arg>${cell_texts}</arg>
<arg>${text}</arg>
<doc>Adds ``values`` to the end of ``list``.</doc>
<status status="PASS" start="2025-04-09T08:52:31.812164" elapsed="0.000000"/>
</kw>
<var name="${cell}">&lt;selenium.webdriver.remote.webelement.WebElement (session="aa09ddd6b4bfacad902648448d729655", element="f.797E3B0F880319FEE2E749B5EF48CF50.d.16D4CD5FE9F70BBC3D54D5E7DF259CD4.e.1200")&gt;</var>
<status status="PASS" start="2025-04-09T08:52:31.301657" elapsed="0.511469"/>
</iter>
<iter>
<kw name="Get Text" owner="SeleniumLibrary">
<msg time="2025-04-09T08:52:32.322806" level="INFO">${text} = ESS</msg>
<var>${text}</var>
<arg>${cell}</arg>
<doc>Returns the text value of the element identified by ``locator``.</doc>
<status status="PASS" start="2025-04-09T08:52:31.813126" elapsed="0.509680"/>
</kw>
<kw name="Append To List" owner="Collections">
<arg>${cell_texts}</arg>
<arg>${text}</arg>
<doc>Adds ``values`` to the end of ``list``.</doc>
<status status="PASS" start="2025-04-09T08:52:32.322806" elapsed="0.000000"/>
</kw>
<var name="${cell}">&lt;selenium.webdriver.remote.webelement.WebElement (session="aa09ddd6b4bfacad902648448d729655", element="f.797E3B0F880319FEE2E749B5EF48CF50.d.16D4CD5FE9F70BBC3D54D5E7DF259CD4.e.1202")&gt;</var>
<status status="PASS" start="2025-04-09T08:52:31.813126" elapsed="0.509680"/>
</iter>
<iter>
<kw name="Get Text" owner="SeleniumLibrary">
<msg time="2025-04-09T08:52:32.834513" level="INFO">${text} = Timothy Amiano</msg>
<var>${text}</var>
<arg>${cell}</arg>
<doc>Returns the text value of the element identified by ``locator``.</doc>
<status status="PASS" start="2025-04-09T08:52:32.323769" elapsed="0.510744"/>
</kw>
<kw name="Append To List" owner="Collections">
<arg>${cell_texts}</arg>
<arg>${text}</arg>
<doc>Adds ``values`` to the end of ``list``.</doc>
<status status="PASS" start="2025-04-09T08:52:32.834513" elapsed="0.000000"/>
</kw>
<var name="${cell}">&lt;selenium.webdriver.remote.webelement.WebElement (session="aa09ddd6b4bfacad902648448d729655", element="f.797E3B0F880319FEE2E749B5EF48CF50.d.16D4CD5FE9F70BBC3D54D5E7DF259CD4.e.1204")&gt;</var>
<status status="PASS" start="2025-04-09T08:52:32.323769" elapsed="0.510744"/>
</iter>
<iter>
<kw name="Get Text" owner="SeleniumLibrary">
<msg time="2025-04-09T08:52:33.345971" level="INFO">${text} = Enabled</msg>
<var>${text}</var>
<arg>${cell}</arg>
<doc>Returns the text value of the element identified by ``locator``.</doc>
<status status="PASS" start="2025-04-09T08:52:32.835508" elapsed="0.510463"/>
</kw>
<kw name="Append To List" owner="Collections">
<arg>${cell_texts}</arg>
<arg>${text}</arg>
<doc>Adds ``values`` to the end of ``list``.</doc>
<status status="PASS" start="2025-04-09T08:52:33.345971" elapsed="0.000000"/>
</kw>
<var name="${cell}">&lt;selenium.webdriver.remote.webelement.WebElement (session="aa09ddd6b4bfacad902648448d729655", element="f.797E3B0F880319FEE2E749B5EF48CF50.d.16D4CD5FE9F70BBC3D54D5E7DF259CD4.e.1206")&gt;</var>
<status status="PASS" start="2025-04-09T08:52:32.835508" elapsed="0.510463"/>
</iter>
<iter>
<kw name="Get Text" owner="SeleniumLibrary">
<msg time="2025-04-09T08:52:33.857511" level="INFO">${text} = </msg>
<var>${text}</var>
<arg>${cell}</arg>
<doc>Returns the text value of the element identified by ``locator``.</doc>
<status status="PASS" start="2025-04-09T08:52:33.346968" elapsed="0.510543"/>
</kw>
<kw name="Append To List" owner="Collections">
<arg>${cell_texts}</arg>
<arg>${text}</arg>
<doc>Adds ``values`` to the end of ``list``.</doc>
<status status="PASS" start="2025-04-09T08:52:33.857511" elapsed="0.000000"/>
</kw>
<var name="${cell}">&lt;selenium.webdriver.remote.webelement.WebElement (session="aa09ddd6b4bfacad902648448d729655", element="f.797E3B0F880319FEE2E749B5EF48CF50.d.16D4CD5FE9F70BBC3D54D5E7DF259CD4.e.1212")&gt;</var>
<status status="PASS" start="2025-04-09T08:52:33.346968" elapsed="0.510543"/>
</iter>
<iter>
<kw name="Get Text" owner="SeleniumLibrary">
<msg time="2025-04-09T08:52:34.368908" level="INFO">${text} = </msg>
<var>${text}</var>
<arg>${cell}</arg>
<doc>Returns the text value of the element identified by ``locator``.</doc>
<status status="PASS" start="2025-04-09T08:52:33.858505" elapsed="0.510403"/>
</kw>
<kw name="Append To List" owner="Collections">
<arg>${cell_texts}</arg>
<arg>${text}</arg>
<doc>Adds ``values`` to the end of ``list``.</doc>
<status status="PASS" start="2025-04-09T08:52:34.368908" elapsed="0.000000"/>
</kw>
<var name="${cell}">&lt;selenium.webdriver.remote.webelement.WebElement (session="aa09ddd6b4bfacad902648448d729655", element="f.797E3B0F880319FEE2E749B5EF48CF50.d.16D4CD5FE9F70BBC3D54D5E7DF259CD4.e.1221")&gt;</var>
<status status="PASS" start="2025-04-09T08:52:33.858505" elapsed="0.510403"/>
</iter>
<iter>
<kw name="Get Text" owner="SeleniumLibrary">
<msg time="2025-04-09T08:52:34.879209" level="INFO">${text} = Adm166</msg>
<var>${text}</var>
<arg>${cell}</arg>
<doc>Returns the text value of the element identified by ``locator``.</doc>
<status status="PASS" start="2025-04-09T08:52:34.369875" elapsed="0.509334"/>
</kw>
<kw name="Append To List" owner="Collections">
<arg>${cell_texts}</arg>
<arg>${text}</arg>
<doc>Adds ``values`` to the end of ``list``.</doc>
<status status="PASS" start="2025-04-09T08:52:34.879209" elapsed="0.000000"/>
</kw>
<var name="${cell}">&lt;selenium.webdriver.remote.webelement.WebElement (session="aa09ddd6b4bfacad902648448d729655", element="f.797E3B0F880319FEE2E749B5EF48CF50.d.16D4CD5FE9F70BBC3D54D5E7DF259CD4.e.1223")&gt;</var>
<status status="PASS" start="2025-04-09T08:52:34.369875" elapsed="0.509334"/>
</iter>
<iter>
<kw name="Get Text" owner="SeleniumLibrary">
<msg time="2025-04-09T08:52:35.389619" level="INFO">${text} = Admin</msg>
<var>${text}</var>
<arg>${cell}</arg>
<doc>Returns the text value of the element identified by ``locator``.</doc>
<status status="PASS" start="2025-04-09T08:52:34.880210" elapsed="0.509409"/>
</kw>
<kw name="Append To List" owner="Collections">
<arg>${cell_texts}</arg>
<arg>${text}</arg>
<doc>Adds ``values`` to the end of ``list``.</doc>
<status status="PASS" start="2025-04-09T08:52:35.389619" elapsed="0.000000"/>
</kw>
<var name="${cell}">&lt;selenium.webdriver.remote.webelement.WebElement (session="aa09ddd6b4bfacad902648448d729655", element="f.797E3B0F880319FEE2E749B5EF48CF50.d.16D4CD5FE9F70BBC3D54D5E7DF259CD4.e.1225")&gt;</var>
<status status="PASS" start="2025-04-09T08:52:34.880210" elapsed="0.509409"/>
</iter>
<iter>
<kw name="Get Text" owner="SeleniumLibrary">
<msg time="2025-04-09T08:52:35.899924" level="INFO">${text} = Jobin Sam</msg>
<var>${text}</var>
<arg>${cell}</arg>
<doc>Returns the text value of the element identified by ``locator``.</doc>
<status status="PASS" start="2025-04-09T08:52:35.390587" elapsed="0.509337"/>
</kw>
<kw name="Append To List" owner="Collections">
<arg>${cell_texts}</arg>
<arg>${text}</arg>
<doc>Adds ``values`` to the end of ``list``.</doc>
<status status="PASS" start="2025-04-09T08:52:35.899924" elapsed="0.000000"/>
</kw>
<var name="${cell}">&lt;selenium.webdriver.remote.webelement.WebElement (session="aa09ddd6b4bfacad902648448d729655", element="f.797E3B0F880319FEE2E749B5EF48CF50.d.16D4CD5FE9F70BBC3D54D5E7DF259CD4.e.1227")&gt;</var>
<status status="PASS" start="2025-04-09T08:52:35.390587" elapsed="0.509337"/>
</iter>
<iter>
<kw name="Get Text" owner="SeleniumLibrary">
<msg time="2025-04-09T08:52:36.410306" level="INFO">${text} = Enabled</msg>
<var>${text}</var>
<arg>${cell}</arg>
<doc>Returns the text value of the element identified by ``locator``.</doc>
<status status="PASS" start="2025-04-09T08:52:35.900922" elapsed="0.509384"/>
</kw>
<kw name="Append To List" owner="Collections">
<arg>${cell_texts}</arg>
<arg>${text}</arg>
<doc>Adds ``values`` to the end of ``list``.</doc>
<status status="PASS" start="2025-04-09T08:52:36.410306" elapsed="0.000000"/>
</kw>
<var name="${cell}">&lt;selenium.webdriver.remote.webelement.WebElement (session="aa09ddd6b4bfacad902648448d729655", element="f.797E3B0F880319FEE2E749B5EF48CF50.d.16D4CD5FE9F70BBC3D54D5E7DF259CD4.e.1229")&gt;</var>
<status status="PASS" start="2025-04-09T08:52:35.900922" elapsed="0.509384"/>
</iter>
<iter>
<kw name="Get Text" owner="SeleniumLibrary">
<msg time="2025-04-09T08:52:36.921095" level="INFO">${text} = </msg>
<var>${text}</var>
<arg>${cell}</arg>
<doc>Returns the text value of the element identified by ``locator``.</doc>
<status status="PASS" start="2025-04-09T08:52:36.411268" elapsed="0.509827"/>
</kw>
<kw name="Append To List" owner="Collections">
<arg>${cell_texts}</arg>
<arg>${text}</arg>
<doc>Adds ``values`` to the end of ``list``.</doc>
<status status="PASS" start="2025-04-09T08:52:36.921095" elapsed="0.000000"/>
</kw>
<var name="${cell}">&lt;selenium.webdriver.remote.webelement.WebElement (session="aa09ddd6b4bfacad902648448d729655", element="f.797E3B0F880319FEE2E749B5EF48CF50.d.16D4CD5FE9F70BBC3D54D5E7DF259CD4.e.1235")&gt;</var>
<status status="PASS" start="2025-04-09T08:52:36.411268" elapsed="0.509827"/>
</iter>
<iter>
<kw name="Get Text" owner="SeleniumLibrary">
<msg time="2025-04-09T08:52:37.431713" level="INFO">${text} = </msg>
<var>${text}</var>
<arg>${cell}</arg>
<doc>Returns the text value of the element identified by ``locator``.</doc>
<status status="PASS" start="2025-04-09T08:52:36.922061" elapsed="0.509652"/>
</kw>
<kw name="Append To List" owner="Collections">
<arg>${cell_texts}</arg>
<arg>${text}</arg>
<doc>Adds ``values`` to the end of ``list``.</doc>
<status status="PASS" start="2025-04-09T08:52:37.431713" elapsed="0.000000"/>
</kw>
<var name="${cell}">&lt;selenium.webdriver.remote.webelement.WebElement (session="aa09ddd6b4bfacad902648448d729655", element="f.797E3B0F880319FEE2E749B5EF48CF50.d.16D4CD5FE9F70BBC3D54D5E7DF259CD4.e.1244")&gt;</var>
<status status="PASS" start="2025-04-09T08:52:36.922061" elapsed="0.509652"/>
</iter>
<iter>
<kw name="Get Text" owner="SeleniumLibrary">
<msg time="2025-04-09T08:52:37.942212" level="INFO">${text} = Admi16</msg>
<var>${text}</var>
<arg>${cell}</arg>
<doc>Returns the text value of the element identified by ``locator``.</doc>
<status status="PASS" start="2025-04-09T08:52:37.432679" elapsed="0.509533"/>
</kw>
<kw name="Append To List" owner="Collections">
<arg>${cell_texts}</arg>
<arg>${text}</arg>
<doc>Adds ``values`` to the end of ``list``.</doc>
<status status="PASS" start="2025-04-09T08:52:37.942212" elapsed="0.000000"/>
</kw>
<var name="${cell}">&lt;selenium.webdriver.remote.webelement.WebElement (session="aa09ddd6b4bfacad902648448d729655", element="f.797E3B0F880319FEE2E749B5EF48CF50.d.16D4CD5FE9F70BBC3D54D5E7DF259CD4.e.1246")&gt;</var>
<status status="PASS" start="2025-04-09T08:52:37.432679" elapsed="0.510528"/>
</iter>
<iter>
<kw name="Get Text" owner="SeleniumLibrary">
<msg time="2025-04-09T08:52:38.453215" level="INFO">${text} = Admin</msg>
<var>${text}</var>
<arg>${cell}</arg>
<doc>Returns the text value of the element identified by ``locator``.</doc>
<status status="PASS" start="2025-04-09T08:52:37.943207" elapsed="0.510008"/>
</kw>
<kw name="Append To List" owner="Collections">
<arg>${cell_texts}</arg>
<arg>${text}</arg>
<doc>Adds ``values`` to the end of ``list``.</doc>
<status status="PASS" start="2025-04-09T08:52:38.453215" elapsed="0.000000"/>
</kw>
<var name="${cell}">&lt;selenium.webdriver.remote.webelement.WebElement (session="aa09ddd6b4bfacad902648448d729655", element="f.797E3B0F880319FEE2E749B5EF48CF50.d.16D4CD5FE9F70BBC3D54D5E7DF259CD4.e.1248")&gt;</var>
<status status="PASS" start="2025-04-09T08:52:37.943207" elapsed="0.510008"/>
</iter>
<iter>
<kw name="Get Text" owner="SeleniumLibrary">
<msg time="2025-04-09T08:52:38.963530" level="INFO">${text} = Jobin Sam</msg>
<var>${text}</var>
<arg>${cell}</arg>
<doc>Returns the text value of the element identified by ``locator``.</doc>
<status status="PASS" start="2025-04-09T08:52:38.454212" elapsed="0.509318"/>
</kw>
<kw name="Append To List" owner="Collections">
<arg>${cell_texts}</arg>
<arg>${text}</arg>
<doc>Adds ``values`` to the end of ``list``.</doc>
<status status="PASS" start="2025-04-09T08:52:38.963530" elapsed="0.000999"/>
</kw>
<var name="${cell}">&lt;selenium.webdriver.remote.webelement.WebElement (session="aa09ddd6b4bfacad902648448d729655", element="f.797E3B0F880319FEE2E749B5EF48CF50.d.16D4CD5FE9F70BBC3D54D5E7DF259CD4.e.1250")&gt;</var>
<status status="PASS" start="2025-04-09T08:52:38.454212" elapsed="0.510317"/>
</iter>
<iter>
<kw name="Get Text" owner="SeleniumLibrary">
<msg time="2025-04-09T08:52:39.475312" level="INFO">${text} = Enabled</msg>
<var>${text}</var>
<arg>${cell}</arg>
<doc>Returns the text value of the element identified by ``locator``.</doc>
<status status="PASS" start="2025-04-09T08:52:38.964529" elapsed="0.510783"/>
</kw>
<kw name="Append To List" owner="Collections">
<arg>${cell_texts}</arg>
<arg>${text}</arg>
<doc>Adds ``values`` to the end of ``list``.</doc>
<status status="PASS" start="2025-04-09T08:52:39.475312" elapsed="0.000000"/>
</kw>
<var name="${cell}">&lt;selenium.webdriver.remote.webelement.WebElement (session="aa09ddd6b4bfacad902648448d729655", element="f.797E3B0F880319FEE2E749B5EF48CF50.d.16D4CD5FE9F70BBC3D54D5E7DF259CD4.e.1252")&gt;</var>
<status status="PASS" start="2025-04-09T08:52:38.964529" elapsed="0.511749"/>
</iter>
<iter>
<kw name="Get Text" owner="SeleniumLibrary">
<msg time="2025-04-09T08:52:39.987062" level="INFO">${text} = </msg>
<var>${text}</var>
<arg>${cell}</arg>
<doc>Returns the text value of the element identified by ``locator``.</doc>
<status status="PASS" start="2025-04-09T08:52:39.476278" elapsed="0.510784"/>
</kw>
<kw name="Append To List" owner="Collections">
<arg>${cell_texts}</arg>
<arg>${text}</arg>
<doc>Adds ``values`` to the end of ``list``.</doc>
<status status="PASS" start="2025-04-09T08:52:39.987062" elapsed="0.000000"/>
</kw>
<var name="${cell}">&lt;selenium.webdriver.remote.webelement.WebElement (session="aa09ddd6b4bfacad902648448d729655", element="f.797E3B0F880319FEE2E749B5EF48CF50.d.16D4CD5FE9F70BBC3D54D5E7DF259CD4.e.1258")&gt;</var>
<status status="PASS" start="2025-04-09T08:52:39.476278" elapsed="0.510784"/>
</iter>
<iter>
<kw name="Get Text" owner="SeleniumLibrary">
<msg time="2025-04-09T08:52:40.498580" level="INFO">${text} = </msg>
<var>${text}</var>
<arg>${cell}</arg>
<doc>Returns the text value of the element identified by ``locator``.</doc>
<status status="PASS" start="2025-04-09T08:52:39.988056" elapsed="0.510524"/>
</kw>
<kw name="Append To List" owner="Collections">
<arg>${cell_texts}</arg>
<arg>${text}</arg>
<doc>Adds ``values`` to the end of ``list``.</doc>
<status status="PASS" start="2025-04-09T08:52:40.498580" elapsed="0.000000"/>
</kw>
<var name="${cell}">&lt;selenium.webdriver.remote.webelement.WebElement (session="aa09ddd6b4bfacad902648448d729655", element="f.797E3B0F880319FEE2E749B5EF48CF50.d.16D4CD5FE9F70BBC3D54D5E7DF259CD4.e.1267")&gt;</var>
<status status="PASS" start="2025-04-09T08:52:39.988056" elapsed="0.511522"/>
</iter>
<iter>
<kw name="Get Text" owner="SeleniumLibrary">
<msg time="2025-04-09T08:52:41.009402" level="INFO">${text} = Admi166</msg>
<var>${text}</var>
<arg>${cell}</arg>
<doc>Returns the text value of the element identified by ``locator``.</doc>
<status status="PASS" start="2025-04-09T08:52:40.499578" elapsed="0.509824"/>
</kw>
<kw name="Append To List" owner="Collections">
<arg>${cell_texts}</arg>
<arg>${text}</arg>
<doc>Adds ``values`` to the end of ``list``.</doc>
<status status="PASS" start="2025-04-09T08:52:41.009402" elapsed="0.000000"/>
</kw>
<var name="${cell}">&lt;selenium.webdriver.remote.webelement.WebElement (session="aa09ddd6b4bfacad902648448d729655", element="f.797E3B0F880319FEE2E749B5EF48CF50.d.16D4CD5FE9F70BBC3D54D5E7DF259CD4.e.1269")&gt;</var>
<status status="PASS" start="2025-04-09T08:52:40.499578" elapsed="0.509824"/>
</iter>
<iter>
<kw name="Get Text" owner="SeleniumLibrary">
<msg time="2025-04-09T08:52:41.519559" level="INFO">${text} = Admin</msg>
<var>${text}</var>
<arg>${cell}</arg>
<doc>Returns the text value of the element identified by ``locator``.</doc>
<status status="PASS" start="2025-04-09T08:52:41.010398" elapsed="0.509161"/>
</kw>
<kw name="Append To List" owner="Collections">
<arg>${cell_texts}</arg>
<arg>${text}</arg>
<doc>Adds ``values`` to the end of ``list``.</doc>
<status status="PASS" start="2025-04-09T08:52:41.519559" elapsed="0.000000"/>
</kw>
<var name="${cell}">&lt;selenium.webdriver.remote.webelement.WebElement (session="aa09ddd6b4bfacad902648448d729655", element="f.797E3B0F880319FEE2E749B5EF48CF50.d.16D4CD5FE9F70BBC3D54D5E7DF259CD4.e.1271")&gt;</var>
<status status="PASS" start="2025-04-09T08:52:41.010398" elapsed="0.509161"/>
</iter>
<iter>
<kw name="Get Text" owner="SeleniumLibrary">
<msg time="2025-04-09T08:52:42.030416" level="INFO">${text} = Jobin Sam</msg>
<var>${text}</var>
<arg>${cell}</arg>
<doc>Returns the text value of the element identified by ``locator``.</doc>
<status status="PASS" start="2025-04-09T08:52:41.520556" elapsed="0.509860"/>
</kw>
<kw name="Append To List" owner="Collections">
<arg>${cell_texts}</arg>
<arg>${text}</arg>
<doc>Adds ``values`` to the end of ``list``.</doc>
<status status="PASS" start="2025-04-09T08:52:42.030416" elapsed="0.000000"/>
</kw>
<var name="${cell}">&lt;selenium.webdriver.remote.webelement.WebElement (session="aa09ddd6b4bfacad902648448d729655", element="f.797E3B0F880319FEE2E749B5EF48CF50.d.16D4CD5FE9F70BBC3D54D5E7DF259CD4.e.1273")&gt;</var>
<status status="PASS" start="2025-04-09T08:52:41.520556" elapsed="0.509860"/>
</iter>
<iter>
<kw name="Get Text" owner="SeleniumLibrary">
<msg time="2025-04-09T08:52:42.540733" level="INFO">${text} = Enabled</msg>
<var>${text}</var>
<arg>${cell}</arg>
<doc>Returns the text value of the element identified by ``locator``.</doc>
<status status="PASS" start="2025-04-09T08:52:42.031414" elapsed="0.509319"/>
</kw>
<kw name="Append To List" owner="Collections">
<arg>${cell_texts}</arg>
<arg>${text}</arg>
<doc>Adds ``values`` to the end of ``list``.</doc>
<status status="PASS" start="2025-04-09T08:52:42.540733" elapsed="0.000000"/>
</kw>
<var name="${cell}">&lt;selenium.webdriver.remote.webelement.WebElement (session="aa09ddd6b4bfacad902648448d729655", element="f.797E3B0F880319FEE2E749B5EF48CF50.d.16D4CD5FE9F70BBC3D54D5E7DF259CD4.e.1275")&gt;</var>
<status status="PASS" start="2025-04-09T08:52:42.031414" elapsed="0.509319"/>
</iter>
<iter>
<kw name="Get Text" owner="SeleniumLibrary">
<msg time="2025-04-09T08:52:43.052819" level="INFO">${text} = </msg>
<var>${text}</var>
<arg>${cell}</arg>
<doc>Returns the text value of the element identified by ``locator``.</doc>
<status status="PASS" start="2025-04-09T08:52:42.541727" elapsed="0.511092"/>
</kw>
<kw name="Append To List" owner="Collections">
<arg>${cell_texts}</arg>
<arg>${text}</arg>
<doc>Adds ``values`` to the end of ``list``.</doc>
<status status="PASS" start="2025-04-09T08:52:43.052819" elapsed="0.000000"/>
</kw>
<var name="${cell}">&lt;selenium.webdriver.remote.webelement.WebElement (session="aa09ddd6b4bfacad902648448d729655", element="f.797E3B0F880319FEE2E749B5EF48CF50.d.16D4CD5FE9F70BBC3D54D5E7DF259CD4.e.1281")&gt;</var>
<status status="PASS" start="2025-04-09T08:52:42.541727" elapsed="0.511092"/>
</iter>
<iter>
<kw name="Get Text" owner="SeleniumLibrary">
<msg time="2025-04-09T08:52:43.563425" level="INFO">${text} = </msg>
<var>${text}</var>
<arg>${cell}</arg>
<doc>Returns the text value of the element identified by ``locator``.</doc>
<status status="PASS" start="2025-04-09T08:52:43.053851" elapsed="0.509574"/>
</kw>
<kw name="Append To List" owner="Collections">
<arg>${cell_texts}</arg>
<arg>${text}</arg>
<doc>Adds ``values`` to the end of ``list``.</doc>
<status status="PASS" start="2025-04-09T08:52:43.563425" elapsed="0.000000"/>
</kw>
<var name="${cell}">&lt;selenium.webdriver.remote.webelement.WebElement (session="aa09ddd6b4bfacad902648448d729655", element="f.797E3B0F880319FEE2E749B5EF48CF50.d.16D4CD5FE9F70BBC3D54D5E7DF259CD4.e.1291")&gt;</var>
<status status="PASS" start="2025-04-09T08:52:43.053851" elapsed="0.509574"/>
</iter>
<iter>
<kw name="Get Text" owner="SeleniumLibrary">
<msg time="2025-04-09T08:52:44.083631" level="INFO">${text} = Admin</msg>
<var>${text}</var>
<arg>${cell}</arg>
<doc>Returns the text value of the element identified by ``locator``.</doc>
<status status="PASS" start="2025-04-09T08:52:43.564394" elapsed="0.520235"/>
</kw>
<kw name="Append To List" owner="Collections">
<arg>${cell_texts}</arg>
<arg>${text}</arg>
<doc>Adds ``values`` to the end of ``list``.</doc>
<status status="PASS" start="2025-04-09T08:52:44.084629" elapsed="0.000000"/>
</kw>
<var name="${cell}">&lt;selenium.webdriver.remote.webelement.WebElement (session="aa09ddd6b4bfacad902648448d729655", element="f.797E3B0F880319FEE2E749B5EF48CF50.d.16D4CD5FE9F70BBC3D54D5E7DF259CD4.e.1293")&gt;</var>
<status status="PASS" start="2025-04-09T08:52:43.564394" elapsed="0.521232"/>
</iter>
<iter>
<kw name="Get Text" owner="SeleniumLibrary">
<msg time="2025-04-09T08:52:44.603242" level="INFO">${text} = Admin</msg>
<var>${text}</var>
<arg>${cell}</arg>
<doc>Returns the text value of the element identified by ``locator``.</doc>
<status status="PASS" start="2025-04-09T08:52:44.085626" elapsed="0.517616"/>
</kw>
<kw name="Append To List" owner="Collections">
<arg>${cell_texts}</arg>
<arg>${text}</arg>
<doc>Adds ``values`` to the end of ``list``.</doc>
<status status="PASS" start="2025-04-09T08:52:44.603242" elapsed="0.000998"/>
</kw>
<var name="${cell}">&lt;selenium.webdriver.remote.webelement.WebElement (session="aa09ddd6b4bfacad902648448d729655", element="f.797E3B0F880319FEE2E749B5EF48CF50.d.16D4CD5FE9F70BBC3D54D5E7DF259CD4.e.1295")&gt;</var>
<status status="PASS" start="2025-04-09T08:52:44.085626" elapsed="0.518614"/>
</iter>
<iter>
<kw name="Get Text" owner="SeleniumLibrary">
<msg time="2025-04-09T08:52:45.117291" level="INFO">${text} = Dienes Stein</msg>
<var>${text}</var>
<arg>${cell}</arg>
<doc>Returns the text value of the element identified by ``locator``.</doc>
<status status="PASS" start="2025-04-09T08:52:44.605241" elapsed="0.512050"/>
</kw>
<kw name="Append To List" owner="Collections">
<arg>${cell_texts}</arg>
<arg>${text}</arg>
<doc>Adds ``values`` to the end of ``list``.</doc>
<status status="PASS" start="2025-04-09T08:52:45.117291" elapsed="0.000991"/>
</kw>
<var name="${cell}">&lt;selenium.webdriver.remote.webelement.WebElement (session="aa09ddd6b4bfacad902648448d729655", element="f.797E3B0F880319FEE2E749B5EF48CF50.d.16D4CD5FE9F70BBC3D54D5E7DF259CD4.e.1297")&gt;</var>
<status status="PASS" start="2025-04-09T08:52:44.604240" elapsed="0.514042"/>
</iter>
<iter>
<kw name="Get Text" owner="SeleniumLibrary">
<msg time="2025-04-09T08:52:45.631910" level="INFO">${text} = Enabled</msg>
<var>${text}</var>
<arg>${cell}</arg>
<doc>Returns the text value of the element identified by ``locator``.</doc>
<status status="PASS" start="2025-04-09T08:52:45.118282" elapsed="0.513628"/>
</kw>
<kw name="Append To List" owner="Collections">
<arg>${cell_texts}</arg>
<arg>${text}</arg>
<doc>Adds ``values`` to the end of ``list``.</doc>
<status status="PASS" start="2025-04-09T08:52:45.631910" elapsed="0.000997"/>
</kw>
<var name="${cell}">&lt;selenium.webdriver.remote.webelement.WebElement (session="aa09ddd6b4bfacad902648448d729655", element="f.797E3B0F880319FEE2E749B5EF48CF50.d.16D4CD5FE9F70BBC3D54D5E7DF259CD4.e.1299")&gt;</var>
<status status="PASS" start="2025-04-09T08:52:45.118282" elapsed="0.514625"/>
</iter>
<iter>
<kw name="Get Text" owner="SeleniumLibrary">
<msg time="2025-04-09T08:52:46.148534" level="INFO">${text} = </msg>
<var>${text}</var>
<arg>${cell}</arg>
<doc>Returns the text value of the element identified by ``locator``.</doc>
<status status="PASS" start="2025-04-09T08:52:45.633904" elapsed="0.514630"/>
</kw>
<kw name="Append To List" owner="Collections">
<arg>${cell_texts}</arg>
<arg>${text}</arg>
<doc>Adds ``values`` to the end of ``list``.</doc>
<status status="PASS" start="2025-04-09T08:52:46.148534" elapsed="0.000000"/>
</kw>
<var name="${cell}">&lt;selenium.webdriver.remote.webelement.WebElement (session="aa09ddd6b4bfacad902648448d729655", element="f.797E3B0F880319FEE2E749B5EF48CF50.d.16D4CD5FE9F70BBC3D54D5E7DF259CD4.e.1305")&gt;</var>
<status status="PASS" start="2025-04-09T08:52:45.632907" elapsed="0.516625"/>
</iter>
<iter>
<kw name="Get Text" owner="SeleniumLibrary">
<msg time="2025-04-09T08:52:46.664156" level="INFO">${text} = </msg>
<var>${text}</var>
<arg>${cell}</arg>
<doc>Returns the text value of the element identified by ``locator``.</doc>
<status status="PASS" start="2025-04-09T08:52:46.149532" elapsed="0.515621"/>
</kw>
<kw name="Append To List" owner="Collections">
<arg>${cell_texts}</arg>
<arg>${text}</arg>
<doc>Adds ``values`` to the end of ``list``.</doc>
<status status="PASS" start="2025-04-09T08:52:46.665153" elapsed="0.000998"/>
</kw>
<var name="${cell}">&lt;selenium.webdriver.remote.webelement.WebElement (session="aa09ddd6b4bfacad902648448d729655", element="f.797E3B0F880319FEE2E749B5EF48CF50.d.16D4CD5FE9F70BBC3D54D5E7DF259CD4.e.1314")&gt;</var>
<status status="PASS" start="2025-04-09T08:52:46.149532" elapsed="0.516619"/>
</iter>
<iter>
<kw name="Get Text" owner="SeleniumLibrary">
<msg time="2025-04-09T08:52:47.200702" level="INFO">${text} = Admin16</msg>
<var>${text}</var>
<arg>${cell}</arg>
<doc>Returns the text value of the element identified by ``locator``.</doc>
<status status="PASS" start="2025-04-09T08:52:46.666151" elapsed="0.534551"/>
</kw>
<kw name="Append To List" owner="Collections">
<arg>${cell_texts}</arg>
<arg>${text}</arg>
<doc>Adds ``values`` to the end of ``list``.</doc>
<status status="PASS" start="2025-04-09T08:52:47.200702" elapsed="0.000000"/>
</kw>
<var name="${cell}">&lt;selenium.webdriver.remote.webelement.WebElement (session="aa09ddd6b4bfacad902648448d729655", element="f.797E3B0F880319FEE2E749B5EF48CF50.d.16D4CD5FE9F70BBC3D54D5E7DF259CD4.e.1316")&gt;</var>
<status status="PASS" start="2025-04-09T08:52:46.666151" elapsed="0.534551"/>
</iter>
<iter>
<kw name="Get Text" owner="SeleniumLibrary">
[...]
</iter>
<iter>
<kw name="Get Text" owner="SeleniumLibrary">
<msg time="2025-04-09T08:54:09.932022" level="INFO">${text} = Admin</msg>
<var>${text}</var>
<arg>${cell}</arg>
<doc>Returns the text value of the element identified by ``locator``.</doc>
<status status="PASS" start="2025-04-09T08:54:09.420857" elapsed="0.511165"/>
</kw>
<kw name="Append To List" owner="Collections">
<arg>${cell_texts}</arg>
<arg>${text}</arg>
<doc>Adds ``values`` to the end of ``list``.</doc>
<status status="PASS" start="2025-04-09T08:54:09.932022" elapsed="0.000000"/>
</kw>
<var name="${cell}">&lt;selenium.webdriver.remote.webelement.WebElement (session="aa09ddd6b4bfacad902648448d729655", element="f.797E3B0F880319FEE2E749B5EF48CF50.d.16D4CD5FE9F70BBC3D54D5E7DF259CD4.e.1179")&gt;</var>
<status status="PASS" start="2025-04-09T08:54:09.420857" elapsed="0.511165"/>
</iter>
<iter>
<kw name="Get Text" owner="SeleniumLibrary">
<msg time="2025-04-09T08:54:10.441445" level="INFO">${text} = Jobin Sam</msg>
<var>${text}</var>
<arg>${cell}</arg>
<doc>Returns the text value of the element identified by ``locator``.</doc>
<status status="PASS" start="2025-04-09T08:54:09.933013" elapsed="0.508432"/>
</kw>
<kw name="Append To List" owner="Collections">
<arg>${cell_texts}</arg>
<arg>${text}</arg>
<doc>Adds ``values`` to the end of ``list``.</doc>
<status status="PASS" start="2025-04-09T08:54:10.441445" elapsed="0.000000"/>
</kw>
<var name="${cell}">&lt;selenium.webdriver.remote.webelement.WebElement (session="aa09ddd6b4bfacad902648448d729655", element="f.797E3B0F880319FEE2E749B5EF48CF50.d.16D4CD5FE9F70BBC3D54D5E7DF259CD4.e.1181")&gt;</var>
<status status="PASS" start="2025-04-09T08:54:09.933013" elapsed="0.508432"/>
</iter>
<iter>
<kw name="Get Text" owner="SeleniumLibrary">
<msg time="2025-04-09T08:54:10.953108" level="INFO">${text} = Enabled</msg>
<var>${text}</var>
<arg>${cell}</arg>
<doc>Returns the text value of the element identified by ``locator``.</doc>
<status status="PASS" start="2025-04-09T08:54:10.442442" elapsed="0.510666"/>
</kw>
<kw name="Append To List" owner="Collections">
<arg>${cell_texts}</arg>
<arg>${text}</arg>
<doc>Adds ``values`` to the end of ``list``.</doc>
<status status="PASS" start="2025-04-09T08:54:10.953108" elapsed="0.000000"/>
</kw>
<var name="${cell}">&lt;selenium.webdriver.remote.webelement.WebElement (session="aa09ddd6b4bfacad902648448d729655", element="f.797E3B0F880319FEE2E749B5EF48CF50.d.16D4CD5FE9F70BBC3D54D5E7DF259CD4.e.1183")&gt;</var>
<status status="PASS" start="2025-04-09T08:54:10.442442" elapsed="0.510666"/>
</iter>
<iter>
<kw name="Get Text" owner="SeleniumLibrary">
<msg time="2025-04-09T08:54:11.470205" level="INFO">${text} = </msg>
<var>${text}</var>
<arg>${cell}</arg>
<doc>Returns the text value of the element identified by ``locator``.</doc>
<status status="PASS" start="2025-04-09T08:54:10.954075" elapsed="0.516130"/>
</kw>
<kw name="Append To List" owner="Collections">
<arg>${cell_texts}</arg>
<arg>${text}</arg>
<doc>Adds ``values`` to the end of ``list``.</doc>
<status status="PASS" start="2025-04-09T08:54:11.470205" elapsed="0.000000"/>
</kw>
<var name="${cell}">&lt;selenium.webdriver.remote.webelement.WebElement (session="aa09ddd6b4bfacad902648448d729655", element="f.797E3B0F880319FEE2E749B5EF48CF50.d.16D4CD5FE9F70BBC3D54D5E7DF259CD4.e.1189")&gt;</var>
<status status="PASS" start="2025-04-09T08:54:10.954075" elapsed="0.516130"/>
</iter>
<iter>
<kw name="Get Text" owner="SeleniumLibrary">
<msg time="2025-04-09T08:54:11.980694" level="INFO">${text} = </msg>
<var>${text}</var>
<arg>${cell}</arg>
<doc>Returns the text value of the element identified by ``locator``.</doc>
<status status="PASS" start="2025-04-09T08:54:11.471206" elapsed="0.509488"/>
</kw>
<kw name="Append To List" owner="Collections">
<arg>${cell_texts}</arg>
<arg>${text}</arg>
<doc>Adds ``values`` to the end of ``list``.</doc>
<status status="PASS" start="2025-04-09T08:54:11.980694" elapsed="0.000000"/>
</kw>
<var name="${cell}">&lt;selenium.webdriver.remote.webelement.WebElement (session="aa09ddd6b4bfacad902648448d729655", element="f.797E3B0F880319FEE2E749B5EF48CF50.d.16D4CD5FE9F70BBC3D54D5E7DF259CD4.e.1198")&gt;</var>
<status status="PASS" start="2025-04-09T08:54:11.471206" elapsed="0.509488"/>
</iter>
<iter>
<kw name="Get Text" owner="SeleniumLibrary">
<msg time="2025-04-09T08:54:12.491832" level="INFO">${text} = 3456789</msg>
<var>${text}</var>
<arg>${cell}</arg>
<doc>Returns the text value of the element identified by ``locator``.</doc>
<status status="PASS" start="2025-04-09T08:54:11.981717" elapsed="0.510115"/>
</kw>
<kw name="Append To List" owner="Collections">
<arg>${cell_texts}</arg>
<arg>${text}</arg>
<doc>Adds ``values`` to the end of ``list``.</doc>
<status status="PASS" start="2025-04-09T08:54:12.491832" elapsed="0.000000"/>
</kw>
<var name="${cell}">&lt;selenium.webdriver.remote.webelement.WebElement (session="aa09ddd6b4bfacad902648448d729655", element="f.797E3B0F880319FEE2E749B5EF48CF50.d.16D4CD5FE9F70BBC3D54D5E7DF259CD4.e.1200")&gt;</var>
<status status="PASS" start="2025-04-09T08:54:11.981717" elapsed="0.510115"/>
</iter>
<iter>
<kw name="Get Text" owner="SeleniumLibrary">
<msg time="2025-04-09T08:54:13.002988" level="INFO">${text} = ESS</msg>
<var>${text}</var>
<arg>${cell}</arg>
<doc>Returns the text value of the element identified by ``locator``.</doc>
<status status="PASS" start="2025-04-09T08:54:12.492835" elapsed="0.510153"/>
</kw>
<kw name="Append To List" owner="Collections">
<arg>${cell_texts}</arg>
<arg>${text}</arg>
<doc>Adds ``values`` to the end of ``list``.</doc>
<status status="PASS" start="2025-04-09T08:54:13.002988" elapsed="0.000000"/>
</kw>
<var name="${cell}">&lt;selenium.webdriver.remote.webelement.WebElement (session="aa09ddd6b4bfacad902648448d729655", element="f.797E3B0F880319FEE2E749B5EF48CF50.d.16D4CD5FE9F70BBC3D54D5E7DF259CD4.e.1202")&gt;</var>
<status status="PASS" start="2025-04-09T08:54:12.492835" elapsed="0.510153"/>
</iter>
<iter>
<kw name="Get Text" owner="SeleniumLibrary">
<msg time="2025-04-09T08:54:13.513223" level="INFO">${text} = Timothy Amiano</msg>
<var>${text}</var>
<arg>${cell}</arg>
<doc>Returns the text value of the element identified by ``locator``.</doc>
<status status="PASS" start="2025-04-09T08:54:13.003985" elapsed="0.509238"/>
</kw>
<kw name="Append To List" owner="Collections">
<arg>${cell_texts}</arg>
<arg>${text}</arg>
<doc>Adds ``values`` to the end of ``list``.</doc>
<status status="PASS" start="2025-04-09T08:54:13.513223" elapsed="0.000998"/>
</kw>
<var name="${cell}">&lt;selenium.webdriver.remote.webelement.WebElement (session="aa09ddd6b4bfacad902648448d729655", element="f.797E3B0F880319FEE2E749B5EF48CF50.d.16D4CD5FE9F70BBC3D54D5E7DF259CD4.e.1204")&gt;</var>
<status status="PASS" start="2025-04-09T08:54:13.003985" elapsed="0.510236"/>
</iter>
<iter>
<kw name="Get Text" owner="SeleniumLibrary">
<msg time="2025-04-09T08:54:14.025855" level="INFO">${text} = Enabled</msg>
<var>${text}</var>
<arg>${cell}</arg>
<doc>Returns the text value of the element identified by ``locator``.</doc>
<status status="PASS" start="2025-04-09T08:54:13.515221" elapsed="0.510634"/>
</kw>
<kw name="Append To List" owner="Collections">
<arg>${cell_texts}</arg>
<arg>${text}</arg>
<doc>Adds ``values`` to the end of ``list``.</doc>
<status status="PASS" start="2025-04-09T08:54:14.025855" elapsed="0.000997"/>
</kw>
<var name="${cell}">&lt;selenium.webdriver.remote.webelement.WebElement (session="aa09ddd6b4bfacad902648448d729655", element="f.797E3B0F880319FEE2E749B5EF48CF50.d.16D4CD5FE9F70BBC3D54D5E7DF259CD4.e.1206")&gt;</var>
<status status="PASS" start="2025-04-09T08:54:13.514221" elapsed="0.512631"/>
</iter>
<iter>
<kw name="Get Text" owner="SeleniumLibrary">
<msg time="2025-04-09T08:54:14.541512" level="INFO">${text} = </msg>
<var>${text}</var>
<arg>${cell}</arg>
<doc>Returns the text value of the element identified by ``locator``.</doc>
<status status="PASS" start="2025-04-09T08:54:14.027849" elapsed="0.513663"/>
</kw>
<kw name="Append To List" owner="Collections">
<arg>${cell_texts}</arg>
<arg>${text}</arg>
<doc>Adds ``values`` to the end of ``list``.</doc>
<status status="PASS" start="2025-04-09T08:54:14.541512" elapsed="0.000960"/>
</kw>
<var name="${cell}">&lt;selenium.webdriver.remote.webelement.WebElement (session="aa09ddd6b4bfacad902648448d729655", element="f.797E3B0F880319FEE2E749B5EF48CF50.d.16D4CD5FE9F70BBC3D54D5E7DF259CD4.e.1212")&gt;</var>
<status status="PASS" start="2025-04-09T08:54:14.026852" elapsed="0.515620"/>
</iter>
<iter>
<kw name="Get Text" owner="SeleniumLibrary">
<msg time="2025-04-09T08:54:15.059079" level="INFO">${text} = </msg>
<var>${text}</var>
<arg>${cell}</arg>
<doc>Returns the text value of the element identified by ``locator``.</doc>
<status status="PASS" start="2025-04-09T08:54:14.542472" elapsed="0.516607"/>
</kw>
<kw name="Append To List" owner="Collections">
<arg>${cell_texts}</arg>
<arg>${text}</arg>
<doc>Adds ``values`` to the end of ``list``.</doc>
<status status="PASS" start="2025-04-09T08:54:15.059079" elapsed="0.000000"/>
</kw>
<var name="${cell}">&lt;selenium.webdriver.remote.webelement.WebElement (session="aa09ddd6b4bfacad902648448d729655", element="f.797E3B0F880319FEE2E749B5EF48CF50.d.16D4CD5FE9F70BBC3D54D5E7DF259CD4.e.1221")&gt;</var>
<status status="PASS" start="2025-04-09T08:54:14.542472" elapsed="0.516607"/>
</iter>
<iter>
<kw name="Get Text" owner="SeleniumLibrary">
<msg time="2025-04-09T08:54:15.569754" level="INFO">${text} = Adm166</msg>
<var>${text}</var>
<arg>${cell}</arg>
<doc>Returns the text value of the element identified by ``locator``.</doc>
<status status="PASS" start="2025-04-09T08:54:15.060048" elapsed="0.509706"/>
</kw>
<kw name="Append To List" owner="Collections">
<arg>${cell_texts}</arg>
<arg>${text}</arg>
<doc>Adds ``values`` to the end of ``list``.</doc>
<status status="PASS" start="2025-04-09T08:54:15.569754" elapsed="0.000000"/>
</kw>
<var name="${cell}">&lt;selenium.webdriver.remote.webelement.WebElement (session="aa09ddd6b4bfacad902648448d729655", element="f.797E3B0F880319FEE2E749B5EF48CF50.d.16D4CD5FE9F70BBC3D54D5E7DF259CD4.e.1223")&gt;</var>
<status status="PASS" start="2025-04-09T08:54:15.060048" elapsed="0.509706"/>
</iter>
<iter>
<kw name="Get Text" owner="SeleniumLibrary">
<msg time="2025-04-09T08:54:16.080357" level="INFO">${text} = Admin</msg>
<var>${text}</var>
<arg>${cell}</arg>
<doc>Returns the text value of the element identified by ``locator``.</doc>
<status status="PASS" start="2025-04-09T08:54:15.570723" elapsed="0.509634"/>
</kw>
<kw name="Append To List" owner="Collections">
<arg>${cell_texts}</arg>
<arg>${text}</arg>
<doc>Adds ``values`` to the end of ``list``.</doc>
<status status="PASS" start="2025-04-09T08:54:16.080357" elapsed="0.000000"/>
</kw>
<var name="${cell}">&lt;selenium.webdriver.remote.webelement.WebElement (session="aa09ddd6b4bfacad902648448d729655", element="f.797E3B0F880319FEE2E749B5EF48CF50.d.16D4CD5FE9F70BBC3D54D5E7DF259CD4.e.1225")&gt;</var>
<status status="PASS" start="2025-04-09T08:54:15.570723" elapsed="0.509634"/>
</iter>
<iter>
<kw name="Get Text" owner="SeleniumLibrary">
<msg time="2025-04-09T08:54:16.592120" level="INFO">${text} = Jobin Sam</msg>
<var>${text}</var>
<arg>${cell}</arg>
<doc>Returns the text value of the element identified by ``locator``.</doc>
<status status="PASS" start="2025-04-09T08:54:16.081323" elapsed="0.510797"/>
</kw>
<kw name="Append To List" owner="Collections">
<arg>${cell_texts}</arg>
<arg>${text}</arg>
<doc>Adds ``values`` to the end of ``list``.</doc>
<status status="PASS" start="2025-04-09T08:54:16.592120" elapsed="0.000000"/>
</kw>
<var name="${cell}">&lt;selenium.webdriver.remote.webelement.WebElement (session="aa09ddd6b4bfacad902648448d729655", element="f.797E3B0F880319FEE2E749B5EF48CF50.d.16D4CD5FE9F70BBC3D54D5E7DF259CD4.e.1227")&gt;</var>
<status status="PASS" start="2025-04-09T08:54:16.081323" elapsed="0.510797"/>
</iter>
<iter>
<kw name="Get Text" owner="SeleniumLibrary">
<msg time="2025-04-09T08:54:17.102165" level="INFO">${text} = Enabled</msg>
<var>${text}</var>
<arg>${cell}</arg>
<doc>Returns the text value of the element identified by ``locator``.</doc>
<status status="PASS" start="2025-04-09T08:54:16.593117" elapsed="0.509048"/>
</kw>
<kw name="Append To List" owner="Collections">
<arg>${cell_texts}</arg>
<arg>${text}</arg>
<doc>Adds ``values`` to the end of ``list``.</doc>
<status status="PASS" start="2025-04-09T08:54:17.102165" elapsed="0.000998"/>
</kw>
<var name="${cell}">&lt;selenium.webdriver.remote.webelement.WebElement (session="aa09ddd6b4bfacad902648448d729655", element="f.797E3B0F880319FEE2E749B5EF48CF50.d.16D4CD5FE9F70BBC3D54D5E7DF259CD4.e.1229")&gt;</var>
<status status="PASS" start="2025-04-09T08:54:16.593117" elapsed="0.510046"/>
</iter>
<iter>
<kw name="Get Text" owner="SeleniumLibrary">
<msg time="2025-04-09T08:54:17.613743" level="INFO">${text} = </msg>
<var>${text}</var>
<arg>${cell}</arg>
<doc>Returns the text value of the element identified by ``locator``.</doc>
<status status="PASS" start="2025-04-09T08:54:17.103163" elapsed="0.510580"/>
</kw>
<kw name="Append To List" owner="Collections">
<arg>${cell_texts}</arg>
<arg>${text}</arg>
<doc>Adds ``values`` to the end of ``list``.</doc>
<status status="PASS" start="2025-04-09T08:54:17.613743" elapsed="0.000000"/>
</kw>
<var name="${cell}">&lt;selenium.webdriver.remote.webelement.WebElement (session="aa09ddd6b4bfacad902648448d729655", element="f.797E3B0F880319FEE2E749B5EF48CF50.d.16D4CD5FE9F70BBC3D54D5E7DF259CD4.e.1235")&gt;</var>
<status status="PASS" start="2025-04-09T08:54:17.103163" elapsed="0.510580"/>
</iter>
<iter>
<kw name="Get Text" owner="SeleniumLibrary">
<msg time="2025-04-09T08:54:18.124349" level="INFO">${text} = </msg>
<var>${text}</var>
<arg>${cell}</arg>
<doc>Returns the text value of the element identified by ``locator``.</doc>
<status status="PASS" start="2025-04-09T08:54:17.614734" elapsed="0.509615"/>
</kw>
<kw name="Append To List" owner="Collections">
<arg>${cell_texts}</arg>
<arg>${text}</arg>
<doc>Adds ``values`` to the end of ``list``.</doc>
<status status="PASS" start="2025-04-09T08:54:18.124349" elapsed="0.000000"/>
</kw>
<var name="${cell}">&lt;selenium.webdriver.remote.webelement.WebElement (session="aa09ddd6b4bfacad902648448d729655", element="f.797E3B0F880319FEE2E749B5EF48CF50.d.16D4CD5FE9F70BBC3D54D5E7DF259CD4.e.1244")&gt;</var>
<status status="PASS" start="2025-04-09T08:54:17.614734" elapsed="0.509615"/>
</iter>
<iter>
<kw name="Get Text" owner="SeleniumLibrary">
<msg time="2025-04-09T08:54:18.634984" level="INFO">${text} = Admi16</msg>
<var>${text}</var>
<arg>${cell}</arg>
<doc>Returns the text value of the element identified by ``locator``.</doc>
<status status="PASS" start="2025-04-09T08:54:18.125347" elapsed="0.509637"/>
</kw>
<kw name="Append To List" owner="Collections">
<arg>${cell_texts}</arg>
<arg>${text}</arg>
<doc>Adds ``values`` to the end of ``list``.</doc>
<status status="PASS" start="2025-04-09T08:54:18.634984" elapsed="0.000000"/>
</kw>
<var name="${cell}">&lt;selenium.webdriver.remote.webelement.WebElement (session="aa09ddd6b4bfacad902648448d729655", element="f.797E3B0F880319FEE2E749B5EF48CF50.d.16D4CD5FE9F70BBC3D54D5E7DF259CD4.e.1246")&gt;</var>
<status status="PASS" start="2025-04-09T08:54:18.125347" elapsed="0.509637"/>
</iter>
<iter>
<kw name="Get Text" owner="SeleniumLibrary">
<msg time="2025-04-09T08:54:19.146617" level="INFO">${text} = Admin</msg>
<var>${text}</var>
<arg>${cell}</arg>
<doc>Returns the text value of the element identified by ``locator``.</doc>
<status status="PASS" start="2025-04-09T08:54:18.635982" elapsed="0.510635"/>
</kw>
<kw name="Append To List" owner="Collections">
<arg>${cell_texts}</arg>
<arg>${text}</arg>
<doc>Adds ``values`` to the end of ``list``.</doc>
<status status="PASS" start="2025-04-09T08:54:19.146617" elapsed="0.000997"/>
</kw>
<var name="${cell}">&lt;selenium.webdriver.remote.webelement.WebElement (session="aa09ddd6b4bfacad902648448d729655", element="f.797E3B0F880319FEE2E749B5EF48CF50.d.16D4CD5FE9F70BBC3D54D5E7DF259CD4.e.1248")&gt;</var>
<status status="PASS" start="2025-04-09T08:54:18.635982" elapsed="0.511632"/>
</iter>
<iter>
<kw name="Get Text" owner="SeleniumLibrary">
<msg time="2025-04-09T08:54:19.659374" level="INFO">${text} = Jobin Sam</msg>
<var>${text}</var>
<arg>${cell}</arg>
<doc>Returns the text value of the element identified by ``locator``.</doc>
<status status="PASS" start="2025-04-09T08:54:19.148612" elapsed="0.510762"/>
</kw>
<kw name="Append To List" owner="Collections">
<arg>${cell_texts}</arg>
<arg>${text}</arg>
<doc>Adds ``values`` to the end of ``list``.</doc>
<status status="PASS" start="2025-04-09T08:54:19.659374" elapsed="0.000000"/>
</kw>
<var name="${cell}">&lt;selenium.webdriver.remote.webelement.WebElement (session="aa09ddd6b4bfacad902648448d729655", element="f.797E3B0F880319FEE2E749B5EF48CF50.d.16D4CD5FE9F70BBC3D54D5E7DF259CD4.e.1250")&gt;</var>
<status status="PASS" start="2025-04-09T08:54:19.147614" elapsed="0.512730"/>
</iter>
<iter>
<kw name="Get Text" owner="SeleniumLibrary">
<msg time="2025-04-09T08:54:20.170441" level="INFO">${text} = Enabled</msg>
<var>${text}</var>
<arg>${cell}</arg>
<doc>Returns the text value of the element identified by ``locator``.</doc>
<status status="PASS" start="2025-04-09T08:54:19.660344" elapsed="0.510097"/>
</kw>
<kw name="Append To List" owner="Collections">
<arg>${cell_texts}</arg>
<arg>${text}</arg>
<doc>Adds ``values`` to the end of ``list``.</doc>
<status status="PASS" start="2025-04-09T08:54:20.170441" elapsed="0.000998"/>
</kw>
<var name="${cell}">&lt;selenium.webdriver.remote.webelement.WebElement (session="aa09ddd6b4bfacad902648448d729655", element="f.797E3B0F880319FEE2E749B5EF48CF50.d.16D4CD5FE9F70BBC3D54D5E7DF259CD4.e.1252")&gt;</var>
<status status="PASS" start="2025-04-09T08:54:19.660344" elapsed="0.511095"/>
</iter>
<iter>
<kw name="Get Text" owner="SeleniumLibrary">
<msg time="2025-04-09T08:54:20.741912" level="INFO">${text} = </msg>
<var>${text}</var>
<arg>${cell}</arg>
<doc>Returns the text value of the element identified by ``locator``.</doc>
<status status="PASS" start="2025-04-09T08:54:20.172437" elapsed="0.569475"/>
</kw>
<kw name="Append To List" owner="Collections">
<arg>${cell_texts}</arg>
<arg>${text}</arg>
<doc>Adds ``values`` to the end of ``list``.</doc>
<status status="PASS" start="2025-04-09T08:54:20.741912" elapsed="0.000000"/>
</kw>
<var name="${cell}">&lt;selenium.webdriver.remote.webelement.WebElement (session="aa09ddd6b4bfacad902648448d729655", element="f.797E3B0F880319FEE2E749B5EF48CF50.d.16D4CD5FE9F70BBC3D54D5E7DF259CD4.e.1258")&gt;</var>
<status status="PASS" start="2025-04-09T08:54:20.172437" elapsed="0.569475"/>
</iter>
<iter>
<kw name="Get Text" owner="SeleniumLibrary">
<msg time="2025-04-09T08:54:21.253573" level="INFO">${text} = </msg>
<var>${text}</var>
<arg>${cell}</arg>
<doc>Returns the text value of the element identified by ``locator``.</doc>
<status status="PASS" start="2025-04-09T08:54:20.742910" elapsed="0.510663"/>
</kw>
<kw name="Append To List" owner="Collections">
<arg>${cell_texts}</arg>
<arg>${text}</arg>
<doc>Adds ``values`` to the end of ``list``.</doc>
<status status="PASS" start="2025-04-09T08:54:21.253573" elapsed="0.000000"/>
</kw>
<var name="${cell}">&lt;selenium.webdriver.remote.webelement.WebElement (session="aa09ddd6b4bfacad902648448d729655", element="f.797E3B0F880319FEE2E749B5EF48CF50.d.16D4CD5FE9F70BBC3D54D5E7DF259CD4.e.1267")&gt;</var>
<status status="PASS" start="2025-04-09T08:54:20.742910" elapsed="0.510663"/>
</iter>
<iter>
<kw name="Get Text" owner="SeleniumLibrary">
<msg time="2025-04-09T08:54:21.763441" level="INFO">${text} = Admi166</msg>
<var>${text}</var>
<arg>${cell}</arg>
<doc>Returns the text value of the element identified by ``locator``.</doc>
<status status="PASS" start="2025-04-09T08:54:21.254542" elapsed="0.508899"/>
</kw>
<kw name="Append To List" owner="Collections">
<arg>${cell_texts}</arg>
<arg>${text}</arg>
<doc>