<?xml version="1.0" encoding="UTF-8"?>
<robot generator="Robot 7.2.2 (Python 3.12.0 on win32)" generated="2025-04-29T09:50:15.783512" rpa="false" schemaversion="5">
<suite id="s1" name="Orangehrm Login" source="C:\Python312\Robot_Framework\OHRM_project\tests\orangehrm_login.robot">
<test id="s1-t1" name="OrangeHRM Background Login Test" line="13">
<kw name="Start Background Login Process">
<kw name="Evaluate" owner="BuiltIn">
<msg time="2025-04-29T09:50:16.119100" level="INFO">${chrome_options} = &lt;selenium.webdriver.chrome.options.Options object at 0x000001A12BFBA990&gt;</msg>
<var>${chrome_options}</var>
<arg>sys.modules['selenium.webdriver'].ChromeOptions()</arg>
<arg>sys</arg>
<doc>Evaluates the given expression in Python and returns the result.</doc>
<status status="PASS" start="2025-04-29T09:50:16.118109" elapsed="0.000991"/>
</kw>
<kw name="Call Method" owner="BuiltIn">
<arg>${chrome_options}</arg>
<arg>add_argument</arg>
<arg>--headless</arg>
<doc>Calls the named method of the given object with the provided arguments.</doc>
<status status="PASS" start="2025-04-29T09:50:16.119100" elapsed="0.000000"/>
</kw>
<kw name="Call Method" owner="BuiltIn">
<arg>${chrome_options}</arg>
<arg>add_argument</arg>
<arg>--disable-gpu</arg>
<doc>Calls the named method of the given object with the provided arguments.</doc>
<status status="PASS" start="2025-04-29T09:50:16.119100" elapsed="0.000000"/>
</kw>
<kw name="Call Method" owner="BuiltIn">
<arg>${chrome_options}</arg>
<arg>add_argument</arg>
<arg>--window-size\=1920,1080</arg>
<doc>Calls the named method of the given object with the provided arguments.</doc>
<status status="PASS" start="2025-04-29T09:50:16.119100" elapsed="0.000000"/>
</kw>
<kw name="Call Method" owner="BuiltIn">
<arg>${chrome_options}</arg>
<arg>add_argument</arg>
<arg>--no-sandbox</arg>
<doc>Calls the named method of the given object with the provided arguments.</doc>
<status status="PASS" start="2025-04-29T09:50:16.120105" elapsed="0.000000"/>
</kw>
<kw name="Call Method" owner="BuiltIn">
<arg>${chrome_options}</arg>
<arg>add_argument</arg>
<arg>--disable-dev-shm-usage</arg>
<doc>Calls the named method of the given object with the provided arguments.</doc>
<status status="PASS" start="2025-04-29T09:50:16.120105" elapsed="0.000000"/>
</kw>
<kw name="Create Webdriver" owner="SeleniumLibrary">
<msg time="2025-04-29T09:50:16.120105" level="INFO">Creating an instance of the Chrome WebDriver.</msg>
<msg time="2025-04-29T09:50:16.120105" level="INFO">Cannot capture screenshot because no browser is open.</msg>
<msg time="2025-04-29T09:50:16.120105" level="FAIL">TypeError: WebDriver.__init__() got an unexpected keyword argument 'chrome_options'</msg>
<arg>Chrome</arg>
<arg>chrome_options=${chrome_options}</arg>
<doc>Creates an instance of Selenium WebDriver.</doc>
<status status="FAIL" start="2025-04-29T09:50:16.120105" elapsed="0.001993">TypeError: WebDriver.__init__() got an unexpected keyword argument 'chrome_options'</status>
</kw>
<kw name="Go To" owner="SeleniumLibrary">
<arg>${URL}</arg>
<doc>Navigates the current browser window to the provided ``url``.</doc>
<status status="NOT RUN" start="2025-04-29T09:50:16.122098" elapsed="0.000000"/>
</kw>
<status status="FAIL" start="2025-04-29T09:50:16.117080" elapsed="0.006015">TypeError: WebDriver.__init__() got an unexpected keyword argument 'chrome_options'</status>
</kw>
<kw name="Verify Successful Login">
<status status="NOT RUN" start="2025-04-29T09:50:16.123095" elapsed="0.000000"/>
</kw>
<doc>Runs OrangeHRM login in headless mode</doc>
<status status="FAIL" start="2025-04-29T09:50:16.117080" elapsed="0.006015">TypeError: WebDriver.__init__() got an unexpected keyword argument 'chrome_options'</status>
</test>
<status status="FAIL" start="2025-04-29T09:50:15.785461" elapsed="0.338603"/>
</suite>
<statistics>
<total>
<stat pass="0" fail="1" skip="0">All Tests</stat>
</total>
<tag>
</tag>
<suite>
<stat name="Orangehrm Login" id="s1" pass="0" fail="1" skip="0">Orangehrm Login</stat>
</suite>
</statistics>
<errors>
</errors>
</robot>
