<?xml version="1.0" encoding="UTF-8"?>
<robot generator="Robot 7.2.2 (Python 3.12.0 on win32)" generated="2025-04-29T09:46:03.138981" rpa="false" schemaversion="5">
<suite id="s1" name="OHRM project" source="C:\Python312\Robot_Framework\OHRM_project">
<suite id="s1-s1" name="Tests" source="C:\Python312\Robot_Framework\OHRM_project\Tests">
<suite id="s1-s1-s1" name="Testing 01" source="C:\Python312\Robot_Framework\OHRM_project\Tests\Testing_01.robot">
<test id="s1-s1-s1-t1" name="OrangeHRM Background Login Test" line="13">
<kw name="Start Background Login Process">
<kw name="Evaluate" owner="BuiltIn">
<msg time="2025-04-29T09:46:03.525797" level="INFO">${chrome_options} = &lt;selenium.webdriver.chrome.options.Options object at 0x0000024082A7C800&gt;</msg>
<var>${chrome_options}</var>
<arg>sys.modules['selenium.webdriver'].ChromeOptions()</arg>
<arg>sys</arg>
<doc>Evaluates the given expression in Python and returns the result.</doc>
<status status="PASS" start="2025-04-29T09:46:03.524800" elapsed="0.000997"/>
</kw>
<kw name="Call Method" owner="BuiltIn">
<arg>${chrome_options}</arg>
<arg>add_argument</arg>
<arg>--headless</arg>
<doc>Calls the named method of the given object with the provided arguments.</doc>
<status status="PASS" start="2025-04-29T09:46:03.526793" elapsed="0.000000"/>
</kw>
<kw name="Call Method" owner="BuiltIn">
<arg>${chrome_options}</arg>
<arg>add_argument</arg>
<arg>--disable-gpu</arg>
<doc>Calls the named method of the given object with the provided arguments.</doc>
<status status="PASS" start="2025-04-29T09:46:03.526793" elapsed="0.000996"/>
</kw>
<kw name="Call Method" owner="BuiltIn">
<arg>${chrome_options}</arg>
<arg>add_argument</arg>
<arg>--window-size\=1920,1080</arg>
<doc>Calls the named method of the given object with the provided arguments.</doc>
<status status="PASS" start="2025-04-29T09:46:03.527789" elapsed="0.000000"/>
</kw>
<kw name="Call Method" owner="BuiltIn">
<arg>${chrome_options}</arg>
<arg>add_argument</arg>
<arg>--no-sandbox</arg>
<doc>Calls the named method of the given object with the provided arguments.</doc>
<status status="PASS" start="2025-04-29T09:46:03.527789" elapsed="0.001026"/>
</kw>
<kw name="Call Method" owner="BuiltIn">
<arg>${chrome_options}</arg>
<arg>add_argument</arg>
<arg>--disable-dev-shm-usage</arg>
<doc>Calls the named method of the given object with the provided arguments.</doc>
<status status="PASS" start="2025-04-29T09:46:03.528815" elapsed="0.000000"/>
</kw>
<kw name="Create Webdriver" owner="SeleniumLibrary">
<msg time="2025-04-29T09:46:03.529814" level="INFO">Creating an instance of the Chrome WebDriver.</msg>
<msg time="2025-04-29T09:46:03.529814" level="INFO">Cannot capture screenshot because no browser is open.</msg>
<msg time="2025-04-29T09:46:03.529814" level="FAIL">TypeError: WebDriver.__init__() got an unexpected keyword argument 'chrome_options'</msg>
<arg>Chrome</arg>
<arg>chrome_options=${chrome_options}</arg>
<doc>Creates an instance of Selenium WebDriver.</doc>
<status status="FAIL" start="2025-04-29T09:46:03.528815" elapsed="0.003964">TypeError: WebDriver.__init__() got an unexpected keyword argument 'chrome_options'</status>
</kw>
<kw name="Go To" owner="SeleniumLibrary">
<arg>${URL}</arg>
<doc>Navigates the current browser window to the provided ``url``.</doc>
<status status="NOT RUN" start="2025-04-29T09:46:03.533773" elapsed="0.000000"/>
</kw>
<status status="FAIL" start="2025-04-29T09:46:03.523802" elapsed="0.009971">TypeError: WebDriver.__init__() got an unexpected keyword argument 'chrome_options'</status>
</kw>
<kw name="Verify Successful Login">
<status status="NOT RUN" start="2025-04-29T09:46:03.533773" elapsed="0.001026"/>
</kw>
<doc>Runs OrangeHRM login in headless mode</doc>
<status status="FAIL" start="2025-04-29T09:46:03.521802" elapsed="0.012997">TypeError: WebDriver.__init__() got an unexpected keyword argument 'chrome_options'</status>
</test>
<status status="FAIL" start="2025-04-29T09:46:03.173168" elapsed="0.362601"/>
</suite>
<status status="FAIL" start="2025-04-29T09:46:03.170172" elapsed="0.367592"/>
</suite>
<status status="FAIL" start="2025-04-29T09:46:03.146991" elapsed="0.392773"/>
</suite>
<statistics>
<total>
<stat pass="0" fail="1" skip="0">All Tests</stat>
</total>
<tag>
</tag>
<suite>
<stat name="OHRM project" id="s1" pass="0" fail="1" skip="0">OHRM project</stat>
<stat name="Tests" id="s1-s1" pass="0" fail="1" skip="0">OHRM project.Tests</stat>
<stat name="Testing 01" id="s1-s1-s1" pass="0" fail="1" skip="0">OHRM project.Tests.Testing 01</stat>
</suite>
</statistics>
<errors>
</errors>
</robot>
